{"D:\\_FIAP\\Tech Challenge\\Fase 4\\service-category-product\\g2-3soat-sa-app-category-product\\src\\app.js": {"path":"D:\\_FIAP\\Tech Challenge\\Fase 4\\service-category-product\\g2-3soat-sa-app-category-product\\src\\app.js","statementMap":{"0":{"start":{"line":4,"column":12},"end":{"line":4,"column":21}},"1":{"start":{"line":5,"column":0},"end":{"line":5,"column":24}},"2":{"start":{"line":7,"column":0},"end":{"line":7,"column":21}}},"fnMap":{},"branchMap":{},"s":{"0":1,"1":1,"2":1},"f":{},"b":{},"_coverageSchema":"1a1c01bbd47fc00a2c39e90264f33305004495a9","hash":"ff0030723c4186f925d6630f6fa204f9cdc6c0df"}
,"D:\\_FIAP\\Tech Challenge\\Fase 4\\service-category-product\\g2-3soat-sa-app-category-product\\src\\application\\categoryGateway.js": {"path":"D:\\_FIAP\\Tech Challenge\\Fase 4\\service-category-product\\g2-3soat-sa-app-category-product\\src\\application\\categoryGateway.js","statementMap":{"0":{"start":{"line":5,"column":19},"end":{"line":5,"column":67}},"1":{"start":{"line":5,"column":27},"end":{"line":5,"column":67}},"2":{"start":{"line":6,"column":14},"end":{"line":6,"column":69}},"3":{"start":{"line":6,"column":28},"end":{"line":6,"column":69}},"4":{"start":{"line":7,"column":18},"end":{"line":7,"column":61}},"5":{"start":{"line":7,"column":24},"end":{"line":7,"column":61}},"6":{"start":{"line":8,"column":21},"end":{"line":8,"column":91}},"7":{"start":{"line":8,"column":39},"end":{"line":8,"column":91}},"8":{"start":{"line":9,"column":21},"end":{"line":9,"column":71}},"9":{"start":{"line":9,"column":29},"end":{"line":9,"column":71}},"10":{"start":{"line":11,"column":2},"end":{"line":17,"column":3}}},"fnMap":{"0":{"name":"categoryGateway","decl":{"start":{"line":3,"column":24},"end":{"line":3,"column":39}},"loc":{"start":{"line":3,"column":42},"end":{"line":18,"column":1}},"line":3},"1":{"name":"(anonymous_1)","decl":{"start":{"line":5,"column":19},"end":{"line":5,"column":20}},"loc":{"start":{"line":5,"column":27},"end":{"line":5,"column":67}},"line":5},"2":{"name":"(anonymous_2)","decl":{"start":{"line":6,"column":14},"end":{"line":6,"column":15}},"loc":{"start":{"line":6,"column":28},"end":{"line":6,"column":69}},"line":6},"3":{"name":"(anonymous_3)","decl":{"start":{"line":7,"column":18},"end":{"line":7,"column":19}},"loc":{"start":{"line":7,"column":24},"end":{"line":7,"column":61}},"line":7},"4":{"name":"(anonymous_4)","decl":{"start":{"line":8,"column":21},"end":{"line":8,"column":22}},"loc":{"start":{"line":8,"column":39},"end":{"line":8,"column":91}},"line":8},"5":{"name":"(anonymous_5)","decl":{"start":{"line":9,"column":21},"end":{"line":9,"column":22}},"loc":{"start":{"line":9,"column":29},"end":{"line":9,"column":71}},"line":9}},"branchMap":{},"s":{"0":6,"1":1,"2":6,"3":1,"4":6,"5":2,"6":6,"7":1,"8":6,"9":1,"10":6},"f":{"0":6,"1":1,"2":1,"3":2,"4":1,"5":1},"b":{},"_coverageSchema":"1a1c01bbd47fc00a2c39e90264f33305004495a9","hash":"a731b65e2655167efe13d2fda0c875dbdff8a3cf"}
,"D:\\_FIAP\\Tech Challenge\\Fase 4\\service-category-product\\g2-3soat-sa-app-category-product\\src\\application\\productGateway.js": {"path":"D:\\_FIAP\\Tech Challenge\\Fase 4\\service-category-product\\g2-3soat-sa-app-category-product\\src\\application\\productGateway.js","statementMap":{"0":{"start":{"line":5,"column":19},"end":{"line":5,"column":66}},"1":{"start":{"line":5,"column":27},"end":{"line":5,"column":66}},"2":{"start":{"line":6,"column":14},"end":{"line":6,"column":66}},"3":{"start":{"line":6,"column":27},"end":{"line":6,"column":66}},"4":{"start":{"line":7,"column":18},"end":{"line":7,"column":60}},"5":{"start":{"line":7,"column":24},"end":{"line":7,"column":60}},"6":{"start":{"line":8,"column":21},"end":{"line":8,"column":88}},"7":{"start":{"line":8,"column":38},"end":{"line":8,"column":88}},"8":{"start":{"line":9,"column":21},"end":{"line":9,"column":70}},"9":{"start":{"line":9,"column":29},"end":{"line":9,"column":70}},"10":{"start":{"line":11,"column":2},"end":{"line":17,"column":3}}},"fnMap":{"0":{"name":"productGateway","decl":{"start":{"line":3,"column":24},"end":{"line":3,"column":38}},"loc":{"start":{"line":3,"column":41},"end":{"line":18,"column":1}},"line":3},"1":{"name":"(anonymous_1)","decl":{"start":{"line":5,"column":19},"end":{"line":5,"column":20}},"loc":{"start":{"line":5,"column":27},"end":{"line":5,"column":66}},"line":5},"2":{"name":"(anonymous_2)","decl":{"start":{"line":6,"column":14},"end":{"line":6,"column":15}},"loc":{"start":{"line":6,"column":27},"end":{"line":6,"column":66}},"line":6},"3":{"name":"(anonymous_3)","decl":{"start":{"line":7,"column":18},"end":{"line":7,"column":19}},"loc":{"start":{"line":7,"column":24},"end":{"line":7,"column":60}},"line":7},"4":{"name":"(anonymous_4)","decl":{"start":{"line":8,"column":21},"end":{"line":8,"column":22}},"loc":{"start":{"line":8,"column":38},"end":{"line":8,"column":88}},"line":8},"5":{"name":"(anonymous_5)","decl":{"start":{"line":9,"column":21},"end":{"line":9,"column":22}},"loc":{"start":{"line":9,"column":29},"end":{"line":9,"column":70}},"line":9}},"branchMap":{},"s":{"0":5,"1":1,"2":5,"3":1,"4":5,"5":1,"6":5,"7":1,"8":5,"9":1,"10":5},"f":{"0":5,"1":1,"2":1,"3":1,"4":1,"5":1},"b":{},"_coverageSchema":"1a1c01bbd47fc00a2c39e90264f33305004495a9","hash":"a00ee8c1e2dca286d7c048a386aeff97e7beae35"}
,"D:\\_FIAP\\Tech Challenge\\Fase 4\\service-category-product\\g2-3soat-sa-app-category-product\\src\\config\\dbConnectMysql.js": {"path":"D:\\_FIAP\\Tech Challenge\\Fase 4\\service-category-product\\g2-3soat-sa-app-category-product\\src\\config\\dbConnectMysql.js","statementMap":{"0":{"start":{"line":22,"column":29},"end":{"line":27,"column":2}},"1":{"start":{"line":28,"column":0},"end":{"line":28,"column":30}}},"fnMap":{},"branchMap":{},"s":{"0":14,"1":14},"f":{},"b":{},"_coverageSchema":"1a1c01bbd47fc00a2c39e90264f33305004495a9","hash":"298adaf24b3acfacfc883cac92a9744c4d4c9ca6"}
,"D:\\_FIAP\\Tech Challenge\\Fase 4\\service-category-product\\g2-3soat-sa-app-category-product\\src\\controllers\\categoryController.js": {"path":"D:\\_FIAP\\Tech Challenge\\Fase 4\\service-category-product\\g2-3soat-sa-app-category-product\\src\\controllers\\categoryController.js","statementMap":{"0":{"start":{"line":9,"column":25},"end":{"line":27,"column":3}},"1":{"start":{"line":10,"column":4},"end":{"line":25,"column":5}},"2":{"start":{"line":11,"column":44},"end":{"line":11,"column":52}},"3":{"start":{"line":13,"column":6},"end":{"line":20,"column":9}},"4":{"start":{"line":19,"column":8},"end":{"line":19,"column":39}},"5":{"start":{"line":23,"column":6},"end":{"line":23,"column":42}},"6":{"start":{"line":24,"column":6},"end":{"line":24,"column":18}},"7":{"start":{"line":29,"column":28},"end":{"line":45,"column":3}},"8":{"start":{"line":30,"column":4},"end":{"line":43,"column":5}},"9":{"start":{"line":31,"column":6},"end":{"line":40,"column":11}},"10":{"start":{"line":34,"column":10},"end":{"line":38,"column":11}},"11":{"start":{"line":35,"column":12},"end":{"line":35,"column":54}},"12":{"start":{"line":37,"column":12},"end":{"line":37,"column":43}},"13":{"start":{"line":41,"column":6},"end":{"line":41,"column":42}},"14":{"start":{"line":42,"column":6},"end":{"line":42,"column":18}},"15":{"start":{"line":47,"column":27},"end":{"line":61,"column":3}},"16":{"start":{"line":48,"column":4},"end":{"line":58,"column":5}},"17":{"start":{"line":49,"column":6},"end":{"line":55,"column":10}},"18":{"start":{"line":51,"column":10},"end":{"line":53,"column":11}},"19":{"start":{"line":52,"column":12},"end":{"line":52,"column":54}},"20":{"start":{"line":54,"column":10},"end":{"line":54,"column":41}},"21":{"start":{"line":56,"column":6},"end":{"line":56,"column":42}},"22":{"start":{"line":57,"column":6},"end":{"line":57,"column":18}},"23":{"start":{"line":63,"column":29},"end":{"line":86,"column":3}},"24":{"start":{"line":64,"column":4},"end":{"line":85,"column":5}},"25":{"start":{"line":65,"column":6},"end":{"line":75,"column":10}},"26":{"start":{"line":69,"column":28},"end":{"line":69,"column":45}},"27":{"start":{"line":70,"column":10},"end":{"line":74,"column":11}},"28":{"start":{"line":71,"column":12},"end":{"line":71,"column":54}},"29":{"start":{"line":73,"column":12},"end":{"line":73,"column":53}},"30":{"start":{"line":83,"column":6},"end":{"line":83,"column":42}},"31":{"start":{"line":84,"column":6},"end":{"line":84,"column":18}},"32":{"start":{"line":88,"column":29},"end":{"line":119,"column":3}},"33":{"start":{"line":89,"column":4},"end":{"line":111,"column":5}},"34":{"start":{"line":90,"column":42},"end":{"line":90,"column":50}},"35":{"start":{"line":92,"column":6},"end":{"line":108,"column":11}},"36":{"start":{"line":102,"column":28},"end":{"line":102,"column":45}},"37":{"start":{"line":103,"column":10},"end":{"line":107,"column":11}},"38":{"start":{"line":104,"column":12},"end":{"line":104,"column":54}},"39":{"start":{"line":106,"column":12},"end":{"line":106,"column":53}},"40":{"start":{"line":109,"column":6},"end":{"line":109,"column":42}},"41":{"start":{"line":110,"column":6},"end":{"line":110,"column":18}},"42":{"start":{"line":121,"column":2},"end":{"line":127,"column":4}}},"fnMap":{"0":{"name":"categoryController","decl":{"start":{"line":7,"column":24},"end":{"line":7,"column":42}},"loc":{"start":{"line":7,"column":45},"end":{"line":128,"column":1}},"line":7},"1":{"name":"(anonymous_1)","decl":{"start":{"line":9,"column":25},"end":{"line":9,"column":26}},"loc":{"start":{"line":9,"column":51},"end":{"line":27,"column":3}},"line":9},"2":{"name":"(anonymous_2)","decl":{"start":{"line":18,"column":13},"end":{"line":18,"column":14}},"loc":{"start":{"line":18,"column":27},"end":{"line":20,"column":7}},"line":18},"3":{"name":"(anonymous_3)","decl":{"start":{"line":29,"column":28},"end":{"line":29,"column":29}},"loc":{"start":{"line":29,"column":54},"end":{"line":45,"column":3}},"line":29},"4":{"name":"(anonymous_4)","decl":{"start":{"line":32,"column":14},"end":{"line":32,"column":15}},"loc":{"start":{"line":32,"column":28},"end":{"line":40,"column":9}},"line":32},"5":{"name":"(anonymous_5)","decl":{"start":{"line":47,"column":27},"end":{"line":47,"column":28}},"loc":{"start":{"line":47,"column":53},"end":{"line":61,"column":3}},"line":47},"6":{"name":"(anonymous_6)","decl":{"start":{"line":50,"column":14},"end":{"line":50,"column":15}},"loc":{"start":{"line":50,"column":28},"end":{"line":55,"column":9}},"line":50},"7":{"name":"(anonymous_7)","decl":{"start":{"line":63,"column":29},"end":{"line":63,"column":30}},"loc":{"start":{"line":63,"column":55},"end":{"line":86,"column":3}},"line":63},"8":{"name":"(anonymous_8)","decl":{"start":{"line":68,"column":14},"end":{"line":68,"column":15}},"loc":{"start":{"line":68,"column":27},"end":{"line":75,"column":9}},"line":68},"9":{"name":"(anonymous_9)","decl":{"start":{"line":88,"column":29},"end":{"line":88,"column":30}},"loc":{"start":{"line":88,"column":55},"end":{"line":119,"column":3}},"line":88},"10":{"name":"(anonymous_10)","decl":{"start":{"line":101,"column":14},"end":{"line":101,"column":15}},"loc":{"start":{"line":101,"column":27},"end":{"line":108,"column":9}},"line":101}},"branchMap":{"0":{"loc":{"start":{"line":34,"column":10},"end":{"line":38,"column":11}},"type":"if","locations":[{"start":{"line":34,"column":10},"end":{"line":38,"column":11}},{"start":{"line":36,"column":15},"end":{"line":38,"column":11}}],"line":34},"1":{"loc":{"start":{"line":34,"column":14},"end":{"line":34,"column":48}},"type":"binary-expr","locations":[{"start":{"line":34,"column":14},"end":{"line":34,"column":23}},{"start":{"line":34,"column":27},"end":{"line":34,"column":48}}],"line":34},"2":{"loc":{"start":{"line":51,"column":10},"end":{"line":53,"column":11}},"type":"if","locations":[{"start":{"line":51,"column":10},"end":{"line":53,"column":11}},{"start":{},"end":{}}],"line":51},"3":{"loc":{"start":{"line":70,"column":10},"end":{"line":74,"column":11}},"type":"if","locations":[{"start":{"line":70,"column":10},"end":{"line":74,"column":11}},{"start":{"line":72,"column":15},"end":{"line":74,"column":11}}],"line":70},"4":{"loc":{"start":{"line":103,"column":10},"end":{"line":107,"column":11}},"type":"if","locations":[{"start":{"line":103,"column":10},"end":{"line":107,"column":11}},{"start":{"line":105,"column":15},"end":{"line":107,"column":11}}],"line":103}},"s":{"0":16,"1":3,"2":3,"3":3,"4":1,"5":2,"6":2,"7":16,"8":3,"9":3,"10":2,"11":1,"12":1,"13":1,"14":1,"15":16,"16":4,"17":4,"18":2,"19":1,"20":2,"21":2,"22":2,"23":16,"24":3,"25":3,"26":2,"27":2,"28":1,"29":1,"30":1,"31":1,"32":16,"33":3,"34":3,"35":3,"36":2,"37":2,"38":1,"39":1,"40":1,"41":1,"42":16},"f":{"0":16,"1":3,"2":1,"3":3,"4":2,"5":4,"6":2,"7":3,"8":2,"9":3,"10":2},"b":{"0":[1,1],"1":[2,1],"2":[1,1],"3":[1,1],"4":[1,1]},"_coverageSchema":"1a1c01bbd47fc00a2c39e90264f33305004495a9","hash":"1cd46152a564ad31e8260ecf740079b7c0c097bc"}
,"D:\\_FIAP\\Tech Challenge\\Fase 4\\service-category-product\\g2-3soat-sa-app-category-product\\src\\controllers\\productController.js": {"path":"D:\\_FIAP\\Tech Challenge\\Fase 4\\service-category-product\\g2-3soat-sa-app-category-product\\src\\controllers\\productController.js","statementMap":{"0":{"start":{"line":9,"column":24},"end":{"line":34,"column":3}},"1":{"start":{"line":10,"column":4},"end":{"line":27,"column":5}},"2":{"start":{"line":11,"column":57},"end":{"line":11,"column":65}},"3":{"start":{"line":13,"column":6},"end":{"line":22,"column":9}},"4":{"start":{"line":21,"column":8},"end":{"line":21,"column":38}},"5":{"start":{"line":25,"column":6},"end":{"line":25,"column":42}},"6":{"start":{"line":26,"column":6},"end":{"line":26,"column":18}},"7":{"start":{"line":36,"column":27},"end":{"line":50,"column":3}},"8":{"start":{"line":37,"column":4},"end":{"line":49,"column":5}},"9":{"start":{"line":38,"column":6},"end":{"line":46,"column":9}},"10":{"start":{"line":40,"column":8},"end":{"line":44,"column":9}},"11":{"start":{"line":41,"column":10},"end":{"line":41,"column":51}},"12":{"start":{"line":43,"column":10},"end":{"line":43,"column":40}},"13":{"start":{"line":47,"column":6},"end":{"line":47,"column":42}},"14":{"start":{"line":48,"column":6},"end":{"line":48,"column":18}},"15":{"start":{"line":52,"column":26},"end":{"line":64,"column":3}},"16":{"start":{"line":53,"column":4},"end":{"line":63,"column":5}},"17":{"start":{"line":54,"column":6},"end":{"line":60,"column":10}},"18":{"start":{"line":56,"column":10},"end":{"line":58,"column":11}},"19":{"start":{"line":57,"column":12},"end":{"line":57,"column":53}},"20":{"start":{"line":59,"column":10},"end":{"line":59,"column":41}},"21":{"start":{"line":61,"column":6},"end":{"line":61,"column":42}},"22":{"start":{"line":62,"column":6},"end":{"line":62,"column":18}},"23":{"start":{"line":66,"column":28},"end":{"line":89,"column":3}},"24":{"start":{"line":67,"column":4},"end":{"line":86,"column":5}},"25":{"start":{"line":68,"column":6},"end":{"line":76,"column":10}},"26":{"start":{"line":70,"column":28},"end":{"line":70,"column":45}},"27":{"start":{"line":71,"column":10},"end":{"line":75,"column":11}},"28":{"start":{"line":72,"column":12},"end":{"line":72,"column":53}},"29":{"start":{"line":74,"column":12},"end":{"line":74,"column":52}},"30":{"start":{"line":84,"column":6},"end":{"line":84,"column":42}},"31":{"start":{"line":85,"column":6},"end":{"line":85,"column":18}},"32":{"start":{"line":91,"column":28},"end":{"line":116,"column":3}},"33":{"start":{"line":92,"column":4},"end":{"line":114,"column":5}},"34":{"start":{"line":93,"column":55},"end":{"line":93,"column":63}},"35":{"start":{"line":96,"column":6},"end":{"line":111,"column":11}},"36":{"start":{"line":105,"column":28},"end":{"line":105,"column":45}},"37":{"start":{"line":106,"column":10},"end":{"line":110,"column":11}},"38":{"start":{"line":107,"column":12},"end":{"line":107,"column":53}},"39":{"start":{"line":109,"column":12},"end":{"line":109,"column":52}},"40":{"start":{"line":112,"column":6},"end":{"line":112,"column":42}},"41":{"start":{"line":113,"column":6},"end":{"line":113,"column":18}},"42":{"start":{"line":118,"column":2},"end":{"line":124,"column":4}}},"fnMap":{"0":{"name":"productController","decl":{"start":{"line":7,"column":24},"end":{"line":7,"column":41}},"loc":{"start":{"line":7,"column":44},"end":{"line":125,"column":1}},"line":7},"1":{"name":"(anonymous_1)","decl":{"start":{"line":9,"column":24},"end":{"line":9,"column":25}},"loc":{"start":{"line":9,"column":50},"end":{"line":34,"column":3}},"line":9},"2":{"name":"(anonymous_2)","decl":{"start":{"line":20,"column":13},"end":{"line":20,"column":14}},"loc":{"start":{"line":20,"column":26},"end":{"line":22,"column":7}},"line":20},"3":{"name":"(anonymous_3)","decl":{"start":{"line":36,"column":27},"end":{"line":36,"column":28}},"loc":{"start":{"line":36,"column":53},"end":{"line":50,"column":3}},"line":36},"4":{"name":"(anonymous_4)","decl":{"start":{"line":38,"column":48},"end":{"line":38,"column":49}},"loc":{"start":{"line":38,"column":61},"end":{"line":46,"column":7}},"line":38},"5":{"name":"(anonymous_5)","decl":{"start":{"line":52,"column":26},"end":{"line":52,"column":27}},"loc":{"start":{"line":52,"column":52},"end":{"line":64,"column":3}},"line":52},"6":{"name":"(anonymous_6)","decl":{"start":{"line":55,"column":14},"end":{"line":55,"column":15}},"loc":{"start":{"line":55,"column":28},"end":{"line":60,"column":9}},"line":55},"7":{"name":"(anonymous_7)","decl":{"start":{"line":66,"column":28},"end":{"line":66,"column":29}},"loc":{"start":{"line":66,"column":54},"end":{"line":89,"column":3}},"line":66},"8":{"name":"(anonymous_8)","decl":{"start":{"line":69,"column":14},"end":{"line":69,"column":15}},"loc":{"start":{"line":69,"column":27},"end":{"line":76,"column":9}},"line":69},"9":{"name":"(anonymous_9)","decl":{"start":{"line":91,"column":28},"end":{"line":91,"column":29}},"loc":{"start":{"line":91,"column":54},"end":{"line":116,"column":3}},"line":91},"10":{"name":"(anonymous_10)","decl":{"start":{"line":104,"column":14},"end":{"line":104,"column":15}},"loc":{"start":{"line":104,"column":27},"end":{"line":111,"column":9}},"line":104}},"branchMap":{"0":{"loc":{"start":{"line":40,"column":8},"end":{"line":44,"column":9}},"type":"if","locations":[{"start":{"line":40,"column":8},"end":{"line":44,"column":9}},{"start":{"line":42,"column":13},"end":{"line":44,"column":9}}],"line":40},"1":{"loc":{"start":{"line":40,"column":12},"end":{"line":40,"column":44}},"type":"binary-expr","locations":[{"start":{"line":40,"column":12},"end":{"line":40,"column":20}},{"start":{"line":40,"column":24},"end":{"line":40,"column":44}}],"line":40},"2":{"loc":{"start":{"line":56,"column":10},"end":{"line":58,"column":11}},"type":"if","locations":[{"start":{"line":56,"column":10},"end":{"line":58,"column":11}},{"start":{},"end":{}}],"line":56},"3":{"loc":{"start":{"line":71,"column":10},"end":{"line":75,"column":11}},"type":"if","locations":[{"start":{"line":71,"column":10},"end":{"line":75,"column":11}},{"start":{"line":73,"column":15},"end":{"line":75,"column":11}}],"line":71},"4":{"loc":{"start":{"line":106,"column":10},"end":{"line":110,"column":11}},"type":"if","locations":[{"start":{"line":106,"column":10},"end":{"line":110,"column":11}},{"start":{"line":108,"column":15},"end":{"line":110,"column":11}}],"line":106}},"s":{"0":17,"1":3,"2":3,"3":3,"4":1,"5":2,"6":2,"7":17,"8":3,"9":3,"10":2,"11":1,"12":1,"13":1,"14":1,"15":17,"16":3,"17":3,"18":2,"19":1,"20":2,"21":1,"22":1,"23":17,"24":3,"25":3,"26":2,"27":2,"28":1,"29":1,"30":1,"31":1,"32":17,"33":3,"34":3,"35":3,"36":2,"37":2,"38":1,"39":1,"40":1,"41":1,"42":17},"f":{"0":17,"1":3,"2":1,"3":3,"4":2,"5":3,"6":2,"7":3,"8":2,"9":3,"10":2},"b":{"0":[1,1],"1":[2,1],"2":[1,1],"3":[1,1],"4":[1,1]},"_coverageSchema":"1a1c01bbd47fc00a2c39e90264f33305004495a9","hash":"2fa4b55a9e082b1bf96a9384f8651b331215a937"}
,"D:\\_FIAP\\Tech Challenge\\Fase 4\\service-category-product\\g2-3soat-sa-app-category-product\\src\\db\\database\\mySql\\repositories\\categoryRepositoryMySqlDB.js": {"path":"D:\\_FIAP\\Tech Challenge\\Fase 4\\service-category-product\\g2-3soat-sa-app-category-product\\src\\db\\database\\mySql\\repositories\\categoryRepositoryMySqlDB.js","statementMap":{"0":{"start":{"line":6,"column":14},"end":{"line":37,"column":3}},"1":{"start":{"line":7,"column":4},"end":{"line":36,"column":7}},"2":{"start":{"line":9,"column":6},"end":{"line":35,"column":9}},"3":{"start":{"line":10,"column":8},"end":{"line":12,"column":9}},"4":{"start":{"line":11,"column":10},"end":{"line":11,"column":36}},"5":{"start":{"line":14,"column":28},"end":{"line":14,"column":124}},"6":{"start":{"line":15,"column":8},"end":{"line":34,"column":11}},"7":{"start":{"line":16,"column":10},"end":{"line":19,"column":11}},"8":{"start":{"line":18,"column":12},"end":{"line":18,"column":52}},"9":{"start":{"line":18,"column":37},"end":{"line":18,"column":50}},"10":{"start":{"line":22,"column":10},"end":{"line":33,"column":13}},"11":{"start":{"line":23,"column":12},"end":{"line":26,"column":13}},"12":{"start":{"line":25,"column":14},"end":{"line":25,"column":60}},"13":{"start":{"line":25,"column":39},"end":{"line":25,"column":58}},"14":{"start":{"line":29,"column":29},"end":{"line":29,"column":44}},"15":{"start":{"line":30,"column":33},"end":{"line":30,"column":65}},"16":{"start":{"line":31,"column":32},"end":{"line":31,"column":63}},"17":{"start":{"line":32,"column":12},"end":{"line":32,"column":115}},"18":{"start":{"line":40,"column":18},"end":{"line":69,"column":3}},"19":{"start":{"line":41,"column":4},"end":{"line":68,"column":7}},"20":{"start":{"line":44,"column":6},"end":{"line":67,"column":9}},"21":{"start":{"line":45,"column":8},"end":{"line":47,"column":9}},"22":{"start":{"line":46,"column":10},"end":{"line":46,"column":36}},"23":{"start":{"line":49,"column":23},"end":{"line":49,"column":49}},"24":{"start":{"line":50,"column":8},"end":{"line":66,"column":11}},"25":{"start":{"line":51,"column":10},"end":{"line":54,"column":11}},"26":{"start":{"line":53,"column":12},"end":{"line":53,"column":57}},"27":{"start":{"line":53,"column":37},"end":{"line":53,"column":55}},"28":{"start":{"line":57,"column":10},"end":{"line":65,"column":13}},"29":{"start":{"line":58,"column":12},"end":{"line":61,"column":13}},"30":{"start":{"line":60,"column":14},"end":{"line":60,"column":60}},"31":{"start":{"line":60,"column":39},"end":{"line":60,"column":58}},"32":{"start":{"line":64,"column":12},"end":{"line":64,"column":28}},"33":{"start":{"line":72,"column":19},"end":{"line":100,"column":3}},"34":{"start":{"line":73,"column":4},"end":{"line":99,"column":7}},"35":{"start":{"line":75,"column":6},"end":{"line":98,"column":9}},"36":{"start":{"line":76,"column":8},"end":{"line":78,"column":9}},"37":{"start":{"line":77,"column":10},"end":{"line":77,"column":36}},"38":{"start":{"line":80,"column":23},"end":{"line":80,"column":62}},"39":{"start":{"line":81,"column":8},"end":{"line":97,"column":11}},"40":{"start":{"line":82,"column":10},"end":{"line":85,"column":11}},"41":{"start":{"line":84,"column":12},"end":{"line":84,"column":57}},"42":{"start":{"line":84,"column":37},"end":{"line":84,"column":55}},"43":{"start":{"line":88,"column":10},"end":{"line":96,"column":13}},"44":{"start":{"line":89,"column":12},"end":{"line":92,"column":13}},"45":{"start":{"line":91,"column":14},"end":{"line":91,"column":60}},"46":{"start":{"line":91,"column":39},"end":{"line":91,"column":58}},"47":{"start":{"line":95,"column":12},"end":{"line":95,"column":28}},"48":{"start":{"line":104,"column":21},"end":{"line":137,"column":3}},"49":{"start":{"line":105,"column":4},"end":{"line":136,"column":7}},"50":{"start":{"line":107,"column":6},"end":{"line":135,"column":9}},"51":{"start":{"line":108,"column":8},"end":{"line":110,"column":9}},"52":{"start":{"line":109,"column":10},"end":{"line":109,"column":36}},"53":{"start":{"line":112,"column":23},"end":{"line":112,"column":60}},"54":{"start":{"line":113,"column":8},"end":{"line":134,"column":11}},"55":{"start":{"line":114,"column":10},"end":{"line":117,"column":11}},"56":{"start":{"line":116,"column":12},"end":{"line":116,"column":57}},"57":{"start":{"line":116,"column":37},"end":{"line":116,"column":55}},"58":{"start":{"line":120,"column":10},"end":{"line":133,"column":13}},"59":{"start":{"line":121,"column":12},"end":{"line":124,"column":13}},"60":{"start":{"line":123,"column":14},"end":{"line":123,"column":60}},"61":{"start":{"line":123,"column":39},"end":{"line":123,"column":58}},"62":{"start":{"line":125,"column":32},"end":{"line":125,"column":51}},"63":{"start":{"line":127,"column":12},"end":{"line":130,"column":13}},"64":{"start":{"line":128,"column":28},"end":{"line":128,"column":48}},"65":{"start":{"line":129,"column":14},"end":{"line":129,"column":55}},"66":{"start":{"line":132,"column":12},"end":{"line":132,"column":28}},"67":{"start":{"line":162,"column":21},"end":{"line":199,"column":3}},"68":{"start":{"line":163,"column":4},"end":{"line":198,"column":7}},"69":{"start":{"line":165,"column":6},"end":{"line":197,"column":9}},"70":{"start":{"line":166,"column":8},"end":{"line":168,"column":9}},"71":{"start":{"line":167,"column":10},"end":{"line":167,"column":36}},"72":{"start":{"line":170,"column":28},"end":{"line":170,"column":121}},"73":{"start":{"line":171,"column":8},"end":{"line":196,"column":11}},"74":{"start":{"line":172,"column":10},"end":{"line":175,"column":11}},"75":{"start":{"line":174,"column":12},"end":{"line":174,"column":52}},"76":{"start":{"line":174,"column":37},"end":{"line":174,"column":50}},"77":{"start":{"line":178,"column":10},"end":{"line":195,"column":13}},"78":{"start":{"line":179,"column":12},"end":{"line":182,"column":13}},"79":{"start":{"line":181,"column":14},"end":{"line":181,"column":60}},"80":{"start":{"line":181,"column":39},"end":{"line":181,"column":58}},"81":{"start":{"line":184,"column":33},"end":{"line":184,"column":65}},"82":{"start":{"line":185,"column":32},"end":{"line":185,"column":63}},"83":{"start":{"line":186,"column":30},"end":{"line":186,"column":49}},"84":{"start":{"line":187,"column":26},"end":{"line":187,"column":44}},"85":{"start":{"line":189,"column":12},"end":{"line":192,"column":13}},"86":{"start":{"line":190,"column":14},"end":{"line":190,"column":45}},"87":{"start":{"line":191,"column":14},"end":{"line":191,"column":53}},"88":{"start":{"line":194,"column":12},"end":{"line":194,"column":111}},"89":{"start":{"line":202,"column":2},"end":{"line":209,"column":3}}},"fnMap":{"0":{"name":"categoryRepositoryMySqlDB","decl":{"start":{"line":3,"column":24},"end":{"line":3,"column":49}},"loc":{"start":{"line":3,"column":52},"end":{"line":210,"column":1}},"line":3},"1":{"name":"(anonymous_1)","decl":{"start":{"line":6,"column":14},"end":{"line":6,"column":15}},"loc":{"start":{"line":6,"column":40},"end":{"line":37,"column":3}},"line":6},"2":{"name":"(anonymous_2)","decl":{"start":{"line":7,"column":23},"end":{"line":7,"column":24}},"loc":{"start":{"line":7,"column":44},"end":{"line":36,"column":5}},"line":7},"3":{"name":"(anonymous_3)","decl":{"start":{"line":9,"column":26},"end":{"line":9,"column":27}},"loc":{"start":{"line":9,"column":42},"end":{"line":35,"column":7}},"line":9},"4":{"name":"(anonymous_4)","decl":{"start":{"line":15,"column":99},"end":{"line":15,"column":100}},"loc":{"start":{"line":15,"column":118},"end":{"line":34,"column":9}},"line":15},"5":{"name":"(anonymous_5)","decl":{"start":{"line":18,"column":31},"end":{"line":18,"column":32}},"loc":{"start":{"line":18,"column":37},"end":{"line":18,"column":50}},"line":18},"6":{"name":"(anonymous_6)","decl":{"start":{"line":22,"column":20},"end":{"line":22,"column":21}},"loc":{"start":{"line":22,"column":37},"end":{"line":33,"column":11}},"line":22},"7":{"name":"(anonymous_7)","decl":{"start":{"line":25,"column":33},"end":{"line":25,"column":34}},"loc":{"start":{"line":25,"column":39},"end":{"line":25,"column":58}},"line":25},"8":{"name":"(anonymous_8)","decl":{"start":{"line":40,"column":18},"end":{"line":40,"column":19}},"loc":{"start":{"line":40,"column":36},"end":{"line":69,"column":3}},"line":40},"9":{"name":"(anonymous_9)","decl":{"start":{"line":41,"column":23},"end":{"line":41,"column":24}},"loc":{"start":{"line":41,"column":44},"end":{"line":68,"column":5}},"line":41},"10":{"name":"(anonymous_10)","decl":{"start":{"line":44,"column":26},"end":{"line":44,"column":27}},"loc":{"start":{"line":44,"column":42},"end":{"line":67,"column":7}},"line":44},"11":{"name":"(anonymous_11)","decl":{"start":{"line":50,"column":25},"end":{"line":50,"column":26}},"loc":{"start":{"line":50,"column":49},"end":{"line":66,"column":9}},"line":50},"12":{"name":"(anonymous_12)","decl":{"start":{"line":53,"column":31},"end":{"line":53,"column":32}},"loc":{"start":{"line":53,"column":37},"end":{"line":53,"column":55}},"line":53},"13":{"name":"(anonymous_13)","decl":{"start":{"line":57,"column":20},"end":{"line":57,"column":21}},"loc":{"start":{"line":57,"column":37},"end":{"line":65,"column":11}},"line":57},"14":{"name":"(anonymous_14)","decl":{"start":{"line":60,"column":33},"end":{"line":60,"column":34}},"loc":{"start":{"line":60,"column":39},"end":{"line":60,"column":58}},"line":60},"15":{"name":"(anonymous_15)","decl":{"start":{"line":72,"column":19},"end":{"line":72,"column":20}},"loc":{"start":{"line":72,"column":27},"end":{"line":100,"column":3}},"line":72},"16":{"name":"(anonymous_16)","decl":{"start":{"line":73,"column":23},"end":{"line":73,"column":24}},"loc":{"start":{"line":73,"column":44},"end":{"line":99,"column":5}},"line":73},"17":{"name":"(anonymous_17)","decl":{"start":{"line":75,"column":26},"end":{"line":75,"column":27}},"loc":{"start":{"line":75,"column":42},"end":{"line":98,"column":7}},"line":75},"18":{"name":"(anonymous_18)","decl":{"start":{"line":81,"column":31},"end":{"line":81,"column":32}},"loc":{"start":{"line":81,"column":55},"end":{"line":97,"column":9}},"line":81},"19":{"name":"(anonymous_19)","decl":{"start":{"line":84,"column":31},"end":{"line":84,"column":32}},"loc":{"start":{"line":84,"column":37},"end":{"line":84,"column":55}},"line":84},"20":{"name":"(anonymous_20)","decl":{"start":{"line":88,"column":20},"end":{"line":88,"column":21}},"loc":{"start":{"line":88,"column":37},"end":{"line":96,"column":11}},"line":88},"21":{"name":"(anonymous_21)","decl":{"start":{"line":91,"column":33},"end":{"line":91,"column":34}},"loc":{"start":{"line":91,"column":39},"end":{"line":91,"column":58}},"line":91},"22":{"name":"(anonymous_22)","decl":{"start":{"line":104,"column":21},"end":{"line":104,"column":22}},"loc":{"start":{"line":104,"column":29},"end":{"line":137,"column":3}},"line":104},"23":{"name":"(anonymous_23)","decl":{"start":{"line":105,"column":23},"end":{"line":105,"column":24}},"loc":{"start":{"line":105,"column":44},"end":{"line":136,"column":5}},"line":105},"24":{"name":"(anonymous_24)","decl":{"start":{"line":107,"column":26},"end":{"line":107,"column":27}},"loc":{"start":{"line":107,"column":42},"end":{"line":135,"column":7}},"line":107},"25":{"name":"(anonymous_25)","decl":{"start":{"line":113,"column":31},"end":{"line":113,"column":32}},"loc":{"start":{"line":113,"column":55},"end":{"line":134,"column":9}},"line":113},"26":{"name":"(anonymous_26)","decl":{"start":{"line":116,"column":31},"end":{"line":116,"column":32}},"loc":{"start":{"line":116,"column":37},"end":{"line":116,"column":55}},"line":116},"27":{"name":"(anonymous_27)","decl":{"start":{"line":120,"column":20},"end":{"line":120,"column":21}},"loc":{"start":{"line":120,"column":37},"end":{"line":133,"column":11}},"line":120},"28":{"name":"(anonymous_28)","decl":{"start":{"line":123,"column":33},"end":{"line":123,"column":34}},"loc":{"start":{"line":123,"column":39},"end":{"line":123,"column":58}},"line":123},"29":{"name":"(anonymous_29)","decl":{"start":{"line":162,"column":21},"end":{"line":162,"column":22}},"loc":{"start":{"line":162,"column":45},"end":{"line":199,"column":3}},"line":162},"30":{"name":"(anonymous_30)","decl":{"start":{"line":163,"column":23},"end":{"line":163,"column":24}},"loc":{"start":{"line":163,"column":44},"end":{"line":198,"column":5}},"line":163},"31":{"name":"(anonymous_31)","decl":{"start":{"line":165,"column":26},"end":{"line":165,"column":27}},"loc":{"start":{"line":165,"column":42},"end":{"line":197,"column":7}},"line":165},"32":{"name":"(anonymous_32)","decl":{"start":{"line":171,"column":103},"end":{"line":171,"column":104}},"loc":{"start":{"line":171,"column":122},"end":{"line":196,"column":9}},"line":171},"33":{"name":"(anonymous_33)","decl":{"start":{"line":174,"column":31},"end":{"line":174,"column":32}},"loc":{"start":{"line":174,"column":37},"end":{"line":174,"column":50}},"line":174},"34":{"name":"(anonymous_34)","decl":{"start":{"line":178,"column":20},"end":{"line":178,"column":21}},"loc":{"start":{"line":178,"column":37},"end":{"line":195,"column":11}},"line":178},"35":{"name":"(anonymous_35)","decl":{"start":{"line":181,"column":33},"end":{"line":181,"column":34}},"loc":{"start":{"line":181,"column":39},"end":{"line":181,"column":58}},"line":181}},"branchMap":{"0":{"loc":{"start":{"line":10,"column":8},"end":{"line":12,"column":9}},"type":"if","locations":[{"start":{"line":10,"column":8},"end":{"line":12,"column":9}},{"start":{},"end":{}}],"line":10},"1":{"loc":{"start":{"line":16,"column":10},"end":{"line":19,"column":11}},"type":"if","locations":[{"start":{"line":16,"column":10},"end":{"line":19,"column":11}},{"start":{},"end":{}}],"line":16},"2":{"loc":{"start":{"line":23,"column":12},"end":{"line":26,"column":13}},"type":"if","locations":[{"start":{"line":23,"column":12},"end":{"line":26,"column":13}},{"start":{},"end":{}}],"line":23},"3":{"loc":{"start":{"line":45,"column":8},"end":{"line":47,"column":9}},"type":"if","locations":[{"start":{"line":45,"column":8},"end":{"line":47,"column":9}},{"start":{},"end":{}}],"line":45},"4":{"loc":{"start":{"line":51,"column":10},"end":{"line":54,"column":11}},"type":"if","locations":[{"start":{"line":51,"column":10},"end":{"line":54,"column":11}},{"start":{},"end":{}}],"line":51},"5":{"loc":{"start":{"line":58,"column":12},"end":{"line":61,"column":13}},"type":"if","locations":[{"start":{"line":58,"column":12},"end":{"line":61,"column":13}},{"start":{},"end":{}}],"line":58},"6":{"loc":{"start":{"line":76,"column":8},"end":{"line":78,"column":9}},"type":"if","locations":[{"start":{"line":76,"column":8},"end":{"line":78,"column":9}},{"start":{},"end":{}}],"line":76},"7":{"loc":{"start":{"line":82,"column":10},"end":{"line":85,"column":11}},"type":"if","locations":[{"start":{"line":82,"column":10},"end":{"line":85,"column":11}},{"start":{},"end":{}}],"line":82},"8":{"loc":{"start":{"line":89,"column":12},"end":{"line":92,"column":13}},"type":"if","locations":[{"start":{"line":89,"column":12},"end":{"line":92,"column":13}},{"start":{},"end":{}}],"line":89},"9":{"loc":{"start":{"line":108,"column":8},"end":{"line":110,"column":9}},"type":"if","locations":[{"start":{"line":108,"column":8},"end":{"line":110,"column":9}},{"start":{},"end":{}}],"line":108},"10":{"loc":{"start":{"line":114,"column":10},"end":{"line":117,"column":11}},"type":"if","locations":[{"start":{"line":114,"column":10},"end":{"line":117,"column":11}},{"start":{},"end":{}}],"line":114},"11":{"loc":{"start":{"line":121,"column":12},"end":{"line":124,"column":13}},"type":"if","locations":[{"start":{"line":121,"column":12},"end":{"line":124,"column":13}},{"start":{},"end":{}}],"line":121},"12":{"loc":{"start":{"line":127,"column":12},"end":{"line":130,"column":13}},"type":"if","locations":[{"start":{"line":127,"column":12},"end":{"line":130,"column":13}},{"start":{},"end":{}}],"line":127},"13":{"loc":{"start":{"line":166,"column":8},"end":{"line":168,"column":9}},"type":"if","locations":[{"start":{"line":166,"column":8},"end":{"line":168,"column":9}},{"start":{},"end":{}}],"line":166},"14":{"loc":{"start":{"line":172,"column":10},"end":{"line":175,"column":11}},"type":"if","locations":[{"start":{"line":172,"column":10},"end":{"line":175,"column":11}},{"start":{},"end":{}}],"line":172},"15":{"loc":{"start":{"line":179,"column":12},"end":{"line":182,"column":13}},"type":"if","locations":[{"start":{"line":179,"column":12},"end":{"line":182,"column":13}},{"start":{},"end":{}}],"line":179},"16":{"loc":{"start":{"line":189,"column":12},"end":{"line":192,"column":13}},"type":"if","locations":[{"start":{"line":189,"column":12},"end":{"line":192,"column":13}},{"start":{},"end":{}}],"line":189}},"s":{"0":23,"1":4,"2":4,"3":4,"4":1,"5":3,"6":3,"7":3,"8":1,"9":1,"10":2,"11":2,"12":1,"13":1,"14":1,"15":1,"16":1,"17":1,"18":23,"19":5,"20":5,"21":5,"22":2,"23":3,"24":3,"25":3,"26":1,"27":1,"28":2,"29":2,"30":1,"31":1,"32":1,"33":23,"34":4,"35":4,"36":4,"37":1,"38":3,"39":3,"40":3,"41":1,"42":1,"43":2,"44":2,"45":1,"46":1,"47":1,"48":23,"49":5,"50":5,"51":5,"52":1,"53":4,"54":4,"55":4,"56":1,"57":1,"58":3,"59":3,"60":1,"61":1,"62":2,"63":2,"64":1,"65":1,"66":1,"67":23,"68":5,"69":5,"70":5,"71":1,"72":4,"73":4,"74":4,"75":1,"76":1,"77":3,"78":3,"79":1,"80":1,"81":2,"82":2,"83":2,"84":2,"85":2,"86":1,"87":1,"88":1,"89":23},"f":{"0":23,"1":4,"2":4,"3":4,"4":3,"5":1,"6":2,"7":1,"8":5,"9":5,"10":5,"11":3,"12":1,"13":2,"14":1,"15":4,"16":4,"17":4,"18":3,"19":1,"20":2,"21":1,"22":5,"23":5,"24":5,"25":4,"26":1,"27":3,"28":1,"29":5,"30":5,"31":5,"32":4,"33":1,"34":3,"35":1},"b":{"0":[1,3],"1":[1,2],"2":[1,1],"3":[2,3],"4":[1,2],"5":[1,1],"6":[1,3],"7":[1,2],"8":[1,1],"9":[1,4],"10":[1,3],"11":[1,2],"12":[1,1],"13":[1,4],"14":[1,3],"15":[1,2],"16":[1,1]},"_coverageSchema":"1a1c01bbd47fc00a2c39e90264f33305004495a9","hash":"8c63ef2d893861c809f7491e61628f289bf5d310"}
,"D:\\_FIAP\\Tech Challenge\\Fase 4\\service-category-product\\g2-3soat-sa-app-category-product\\src\\db\\database\\mySql\\repositories\\productRepositoryMySqlDB.js": {"path":"D:\\_FIAP\\Tech Challenge\\Fase 4\\service-category-product\\g2-3soat-sa-app-category-product\\src\\db\\database\\mySql\\repositories\\productRepositoryMySqlDB.js","statementMap":{"0":{"start":{"line":5,"column":14},"end":{"line":38,"column":3}},"1":{"start":{"line":6,"column":4},"end":{"line":37,"column":7}},"2":{"start":{"line":8,"column":6},"end":{"line":36,"column":9}},"3":{"start":{"line":9,"column":8},"end":{"line":11,"column":9}},"4":{"start":{"line":10,"column":10},"end":{"line":10,"column":36}},"5":{"start":{"line":13,"column":28},"end":{"line":13,"column":143}},"6":{"start":{"line":14,"column":8},"end":{"line":35,"column":11}},"7":{"start":{"line":15,"column":10},"end":{"line":18,"column":11}},"8":{"start":{"line":17,"column":12},"end":{"line":17,"column":52}},"9":{"start":{"line":17,"column":37},"end":{"line":17,"column":50}},"10":{"start":{"line":21,"column":10},"end":{"line":34,"column":13}},"11":{"start":{"line":22,"column":12},"end":{"line":25,"column":13}},"12":{"start":{"line":24,"column":14},"end":{"line":24,"column":60}},"13":{"start":{"line":24,"column":39},"end":{"line":24,"column":58}},"14":{"start":{"line":28,"column":29},"end":{"line":28,"column":44}},"15":{"start":{"line":29,"column":28},"end":{"line":29,"column":58}},"16":{"start":{"line":30,"column":29},"end":{"line":30,"column":56}},"17":{"start":{"line":31,"column":29},"end":{"line":31,"column":56}},"18":{"start":{"line":32,"column":26},"end":{"line":32,"column":50}},"19":{"start":{"line":33,"column":12},"end":{"line":33,"column":140}},"20":{"start":{"line":41,"column":18},"end":{"line":70,"column":3}},"21":{"start":{"line":42,"column":4},"end":{"line":69,"column":7}},"22":{"start":{"line":45,"column":6},"end":{"line":68,"column":9}},"23":{"start":{"line":46,"column":8},"end":{"line":48,"column":9}},"24":{"start":{"line":47,"column":10},"end":{"line":47,"column":36}},"25":{"start":{"line":50,"column":23},"end":{"line":50,"column":46}},"26":{"start":{"line":51,"column":8},"end":{"line":67,"column":11}},"27":{"start":{"line":52,"column":10},"end":{"line":55,"column":11}},"28":{"start":{"line":54,"column":12},"end":{"line":54,"column":57}},"29":{"start":{"line":54,"column":37},"end":{"line":54,"column":55}},"30":{"start":{"line":58,"column":10},"end":{"line":66,"column":13}},"31":{"start":{"line":59,"column":12},"end":{"line":62,"column":13}},"32":{"start":{"line":61,"column":14},"end":{"line":61,"column":60}},"33":{"start":{"line":61,"column":39},"end":{"line":61,"column":58}},"34":{"start":{"line":65,"column":12},"end":{"line":65,"column":28}},"35":{"start":{"line":73,"column":19},"end":{"line":102,"column":3}},"36":{"start":{"line":74,"column":4},"end":{"line":101,"column":7}},"37":{"start":{"line":76,"column":6},"end":{"line":100,"column":9}},"38":{"start":{"line":77,"column":8},"end":{"line":79,"column":9}},"39":{"start":{"line":78,"column":10},"end":{"line":78,"column":36}},"40":{"start":{"line":81,"column":23},"end":{"line":81,"column":59}},"41":{"start":{"line":82,"column":8},"end":{"line":99,"column":11}},"42":{"start":{"line":83,"column":10},"end":{"line":86,"column":11}},"43":{"start":{"line":85,"column":12},"end":{"line":85,"column":57}},"44":{"start":{"line":85,"column":37},"end":{"line":85,"column":55}},"45":{"start":{"line":89,"column":10},"end":{"line":98,"column":13}},"46":{"start":{"line":90,"column":12},"end":{"line":93,"column":13}},"47":{"start":{"line":92,"column":14},"end":{"line":92,"column":60}},"48":{"start":{"line":92,"column":39},"end":{"line":92,"column":58}},"49":{"start":{"line":97,"column":12},"end":{"line":97,"column":28}},"50":{"start":{"line":105,"column":21},"end":{"line":132,"column":3}},"51":{"start":{"line":106,"column":4},"end":{"line":131,"column":7}},"52":{"start":{"line":108,"column":6},"end":{"line":130,"column":9}},"53":{"start":{"line":109,"column":8},"end":{"line":111,"column":9}},"54":{"start":{"line":110,"column":10},"end":{"line":110,"column":36}},"55":{"start":{"line":113,"column":23},"end":{"line":113,"column":57}},"56":{"start":{"line":114,"column":8},"end":{"line":129,"column":11}},"57":{"start":{"line":115,"column":10},"end":{"line":118,"column":11}},"58":{"start":{"line":117,"column":12},"end":{"line":117,"column":57}},"59":{"start":{"line":117,"column":37},"end":{"line":117,"column":55}},"60":{"start":{"line":121,"column":10},"end":{"line":128,"column":13}},"61":{"start":{"line":122,"column":12},"end":{"line":125,"column":13}},"62":{"start":{"line":124,"column":14},"end":{"line":124,"column":60}},"63":{"start":{"line":124,"column":39},"end":{"line":124,"column":58}},"64":{"start":{"line":127,"column":12},"end":{"line":127,"column":28}},"65":{"start":{"line":134,"column":22},"end":{"line":173,"column":3}},"66":{"start":{"line":135,"column":4},"end":{"line":172,"column":7}},"67":{"start":{"line":137,"column":6},"end":{"line":171,"column":9}},"68":{"start":{"line":138,"column":8},"end":{"line":140,"column":9}},"69":{"start":{"line":139,"column":10},"end":{"line":139,"column":36}},"70":{"start":{"line":142,"column":28},"end":{"line":142,"column":138}},"71":{"start":{"line":143,"column":8},"end":{"line":170,"column":11}},"72":{"start":{"line":144,"column":10},"end":{"line":147,"column":11}},"73":{"start":{"line":146,"column":12},"end":{"line":146,"column":52}},"74":{"start":{"line":146,"column":37},"end":{"line":146,"column":50}},"75":{"start":{"line":150,"column":10},"end":{"line":169,"column":13}},"76":{"start":{"line":151,"column":12},"end":{"line":154,"column":13}},"77":{"start":{"line":153,"column":14},"end":{"line":153,"column":60}},"78":{"start":{"line":153,"column":39},"end":{"line":153,"column":58}},"79":{"start":{"line":156,"column":32},"end":{"line":156,"column":62}},"80":{"start":{"line":157,"column":29},"end":{"line":157,"column":56}},"81":{"start":{"line":158,"column":29},"end":{"line":158,"column":56}},"82":{"start":{"line":159,"column":26},"end":{"line":159,"column":50}},"83":{"start":{"line":160,"column":30},"end":{"line":160,"column":49}},"84":{"start":{"line":161,"column":26},"end":{"line":161,"column":43}},"85":{"start":{"line":163,"column":12},"end":{"line":166,"column":13}},"86":{"start":{"line":164,"column":14},"end":{"line":164,"column":44}},"87":{"start":{"line":165,"column":14},"end":{"line":165,"column":53}},"88":{"start":{"line":168,"column":12},"end":{"line":168,"column":145}},"89":{"start":{"line":175,"column":2},"end":{"line":182,"column":3}}},"fnMap":{"0":{"name":"productRepositoryMySqlDB","decl":{"start":{"line":3,"column":24},"end":{"line":3,"column":48}},"loc":{"start":{"line":3,"column":51},"end":{"line":183,"column":1}},"line":3},"1":{"name":"(anonymous_1)","decl":{"start":{"line":5,"column":14},"end":{"line":5,"column":15}},"loc":{"start":{"line":5,"column":39},"end":{"line":38,"column":3}},"line":5},"2":{"name":"(anonymous_2)","decl":{"start":{"line":6,"column":23},"end":{"line":6,"column":24}},"loc":{"start":{"line":6,"column":44},"end":{"line":37,"column":5}},"line":6},"3":{"name":"(anonymous_3)","decl":{"start":{"line":8,"column":26},"end":{"line":8,"column":27}},"loc":{"start":{"line":8,"column":42},"end":{"line":36,"column":7}},"line":8},"4":{"name":"(anonymous_4)","decl":{"start":{"line":14,"column":146},"end":{"line":14,"column":147}},"loc":{"start":{"line":14,"column":165},"end":{"line":35,"column":9}},"line":14},"5":{"name":"(anonymous_5)","decl":{"start":{"line":17,"column":31},"end":{"line":17,"column":32}},"loc":{"start":{"line":17,"column":37},"end":{"line":17,"column":50}},"line":17},"6":{"name":"(anonymous_6)","decl":{"start":{"line":21,"column":20},"end":{"line":21,"column":21}},"loc":{"start":{"line":21,"column":37},"end":{"line":34,"column":11}},"line":21},"7":{"name":"(anonymous_7)","decl":{"start":{"line":24,"column":33},"end":{"line":24,"column":34}},"loc":{"start":{"line":24,"column":39},"end":{"line":24,"column":58}},"line":24},"8":{"name":"(anonymous_8)","decl":{"start":{"line":41,"column":18},"end":{"line":41,"column":19}},"loc":{"start":{"line":41,"column":36},"end":{"line":70,"column":3}},"line":41},"9":{"name":"(anonymous_9)","decl":{"start":{"line":42,"column":23},"end":{"line":42,"column":24}},"loc":{"start":{"line":42,"column":44},"end":{"line":69,"column":5}},"line":42},"10":{"name":"(anonymous_10)","decl":{"start":{"line":45,"column":26},"end":{"line":45,"column":27}},"loc":{"start":{"line":45,"column":42},"end":{"line":68,"column":7}},"line":45},"11":{"name":"(anonymous_11)","decl":{"start":{"line":51,"column":25},"end":{"line":51,"column":26}},"loc":{"start":{"line":51,"column":49},"end":{"line":67,"column":9}},"line":51},"12":{"name":"(anonymous_12)","decl":{"start":{"line":54,"column":31},"end":{"line":54,"column":32}},"loc":{"start":{"line":54,"column":37},"end":{"line":54,"column":55}},"line":54},"13":{"name":"(anonymous_13)","decl":{"start":{"line":58,"column":20},"end":{"line":58,"column":21}},"loc":{"start":{"line":58,"column":37},"end":{"line":66,"column":11}},"line":58},"14":{"name":"(anonymous_14)","decl":{"start":{"line":61,"column":33},"end":{"line":61,"column":34}},"loc":{"start":{"line":61,"column":39},"end":{"line":61,"column":58}},"line":61},"15":{"name":"(anonymous_15)","decl":{"start":{"line":73,"column":19},"end":{"line":73,"column":20}},"loc":{"start":{"line":73,"column":27},"end":{"line":102,"column":3}},"line":73},"16":{"name":"(anonymous_16)","decl":{"start":{"line":74,"column":23},"end":{"line":74,"column":24}},"loc":{"start":{"line":74,"column":44},"end":{"line":101,"column":5}},"line":74},"17":{"name":"(anonymous_17)","decl":{"start":{"line":76,"column":26},"end":{"line":76,"column":27}},"loc":{"start":{"line":76,"column":42},"end":{"line":100,"column":7}},"line":76},"18":{"name":"(anonymous_18)","decl":{"start":{"line":82,"column":31},"end":{"line":82,"column":32}},"loc":{"start":{"line":82,"column":55},"end":{"line":99,"column":9}},"line":82},"19":{"name":"(anonymous_19)","decl":{"start":{"line":85,"column":31},"end":{"line":85,"column":32}},"loc":{"start":{"line":85,"column":37},"end":{"line":85,"column":55}},"line":85},"20":{"name":"(anonymous_20)","decl":{"start":{"line":89,"column":20},"end":{"line":89,"column":21}},"loc":{"start":{"line":89,"column":37},"end":{"line":98,"column":11}},"line":89},"21":{"name":"(anonymous_21)","decl":{"start":{"line":92,"column":33},"end":{"line":92,"column":34}},"loc":{"start":{"line":92,"column":39},"end":{"line":92,"column":58}},"line":92},"22":{"name":"(anonymous_22)","decl":{"start":{"line":105,"column":21},"end":{"line":105,"column":22}},"loc":{"start":{"line":105,"column":29},"end":{"line":132,"column":3}},"line":105},"23":{"name":"(anonymous_23)","decl":{"start":{"line":106,"column":23},"end":{"line":106,"column":24}},"loc":{"start":{"line":106,"column":44},"end":{"line":131,"column":5}},"line":106},"24":{"name":"(anonymous_24)","decl":{"start":{"line":108,"column":26},"end":{"line":108,"column":27}},"loc":{"start":{"line":108,"column":42},"end":{"line":130,"column":7}},"line":108},"25":{"name":"(anonymous_25)","decl":{"start":{"line":114,"column":31},"end":{"line":114,"column":32}},"loc":{"start":{"line":114,"column":55},"end":{"line":129,"column":9}},"line":114},"26":{"name":"(anonymous_26)","decl":{"start":{"line":117,"column":31},"end":{"line":117,"column":32}},"loc":{"start":{"line":117,"column":37},"end":{"line":117,"column":55}},"line":117},"27":{"name":"(anonymous_27)","decl":{"start":{"line":121,"column":20},"end":{"line":121,"column":21}},"loc":{"start":{"line":121,"column":37},"end":{"line":128,"column":11}},"line":121},"28":{"name":"(anonymous_28)","decl":{"start":{"line":124,"column":33},"end":{"line":124,"column":34}},"loc":{"start":{"line":124,"column":39},"end":{"line":124,"column":58}},"line":124},"29":{"name":"(anonymous_29)","decl":{"start":{"line":134,"column":22},"end":{"line":134,"column":23}},"loc":{"start":{"line":134,"column":45},"end":{"line":173,"column":3}},"line":134},"30":{"name":"(anonymous_30)","decl":{"start":{"line":135,"column":23},"end":{"line":135,"column":24}},"loc":{"start":{"line":135,"column":44},"end":{"line":172,"column":5}},"line":135},"31":{"name":"(anonymous_31)","decl":{"start":{"line":137,"column":26},"end":{"line":137,"column":27}},"loc":{"start":{"line":137,"column":42},"end":{"line":171,"column":7}},"line":137},"32":{"name":"(anonymous_32)","decl":{"start":{"line":143,"column":152},"end":{"line":143,"column":153}},"loc":{"start":{"line":143,"column":171},"end":{"line":170,"column":9}},"line":143},"33":{"name":"(anonymous_33)","decl":{"start":{"line":146,"column":31},"end":{"line":146,"column":32}},"loc":{"start":{"line":146,"column":37},"end":{"line":146,"column":50}},"line":146},"34":{"name":"(anonymous_34)","decl":{"start":{"line":150,"column":20},"end":{"line":150,"column":21}},"loc":{"start":{"line":150,"column":37},"end":{"line":169,"column":11}},"line":150},"35":{"name":"(anonymous_35)","decl":{"start":{"line":153,"column":33},"end":{"line":153,"column":34}},"loc":{"start":{"line":153,"column":39},"end":{"line":153,"column":58}},"line":153}},"branchMap":{"0":{"loc":{"start":{"line":9,"column":8},"end":{"line":11,"column":9}},"type":"if","locations":[{"start":{"line":9,"column":8},"end":{"line":11,"column":9}},{"start":{},"end":{}}],"line":9},"1":{"loc":{"start":{"line":15,"column":10},"end":{"line":18,"column":11}},"type":"if","locations":[{"start":{"line":15,"column":10},"end":{"line":18,"column":11}},{"start":{},"end":{}}],"line":15},"2":{"loc":{"start":{"line":22,"column":12},"end":{"line":25,"column":13}},"type":"if","locations":[{"start":{"line":22,"column":12},"end":{"line":25,"column":13}},{"start":{},"end":{}}],"line":22},"3":{"loc":{"start":{"line":46,"column":8},"end":{"line":48,"column":9}},"type":"if","locations":[{"start":{"line":46,"column":8},"end":{"line":48,"column":9}},{"start":{},"end":{}}],"line":46},"4":{"loc":{"start":{"line":52,"column":10},"end":{"line":55,"column":11}},"type":"if","locations":[{"start":{"line":52,"column":10},"end":{"line":55,"column":11}},{"start":{},"end":{}}],"line":52},"5":{"loc":{"start":{"line":59,"column":12},"end":{"line":62,"column":13}},"type":"if","locations":[{"start":{"line":59,"column":12},"end":{"line":62,"column":13}},{"start":{},"end":{}}],"line":59},"6":{"loc":{"start":{"line":77,"column":8},"end":{"line":79,"column":9}},"type":"if","locations":[{"start":{"line":77,"column":8},"end":{"line":79,"column":9}},{"start":{},"end":{}}],"line":77},"7":{"loc":{"start":{"line":83,"column":10},"end":{"line":86,"column":11}},"type":"if","locations":[{"start":{"line":83,"column":10},"end":{"line":86,"column":11}},{"start":{},"end":{}}],"line":83},"8":{"loc":{"start":{"line":90,"column":12},"end":{"line":93,"column":13}},"type":"if","locations":[{"start":{"line":90,"column":12},"end":{"line":93,"column":13}},{"start":{},"end":{}}],"line":90},"9":{"loc":{"start":{"line":109,"column":8},"end":{"line":111,"column":9}},"type":"if","locations":[{"start":{"line":109,"column":8},"end":{"line":111,"column":9}},{"start":{},"end":{}}],"line":109},"10":{"loc":{"start":{"line":115,"column":10},"end":{"line":118,"column":11}},"type":"if","locations":[{"start":{"line":115,"column":10},"end":{"line":118,"column":11}},{"start":{},"end":{}}],"line":115},"11":{"loc":{"start":{"line":122,"column":12},"end":{"line":125,"column":13}},"type":"if","locations":[{"start":{"line":122,"column":12},"end":{"line":125,"column":13}},{"start":{},"end":{}}],"line":122},"12":{"loc":{"start":{"line":138,"column":8},"end":{"line":140,"column":9}},"type":"if","locations":[{"start":{"line":138,"column":8},"end":{"line":140,"column":9}},{"start":{},"end":{}}],"line":138},"13":{"loc":{"start":{"line":144,"column":10},"end":{"line":147,"column":11}},"type":"if","locations":[{"start":{"line":144,"column":10},"end":{"line":147,"column":11}},{"start":{},"end":{}}],"line":144},"14":{"loc":{"start":{"line":151,"column":12},"end":{"line":154,"column":13}},"type":"if","locations":[{"start":{"line":151,"column":12},"end":{"line":154,"column":13}},{"start":{},"end":{}}],"line":151},"15":{"loc":{"start":{"line":163,"column":12},"end":{"line":166,"column":13}},"type":"if","locations":[{"start":{"line":163,"column":12},"end":{"line":166,"column":13}},{"start":{},"end":{}}],"line":163}},"s":{"0":22,"1":4,"2":4,"3":4,"4":1,"5":3,"6":3,"7":3,"8":1,"9":1,"10":2,"11":2,"12":1,"13":1,"14":1,"15":1,"16":1,"17":1,"18":1,"19":1,"20":22,"21":4,"22":4,"23":4,"24":1,"25":3,"26":3,"27":3,"28":1,"29":1,"30":2,"31":2,"32":1,"33":1,"34":1,"35":22,"36":4,"37":4,"38":4,"39":1,"40":3,"41":3,"42":3,"43":1,"44":1,"45":2,"46":2,"47":1,"48":1,"49":1,"50":22,"51":5,"52":5,"53":5,"54":1,"55":4,"56":4,"57":4,"58":1,"59":1,"60":3,"61":3,"62":1,"63":1,"64":2,"65":22,"66":5,"67":5,"68":5,"69":1,"70":4,"71":4,"72":4,"73":1,"74":1,"75":3,"76":3,"77":1,"78":1,"79":2,"80":2,"81":2,"82":2,"83":2,"84":2,"85":2,"86":1,"87":1,"88":1,"89":22},"f":{"0":22,"1":4,"2":4,"3":4,"4":3,"5":1,"6":2,"7":1,"8":4,"9":4,"10":4,"11":3,"12":1,"13":2,"14":1,"15":4,"16":4,"17":4,"18":3,"19":1,"20":2,"21":1,"22":5,"23":5,"24":5,"25":4,"26":1,"27":3,"28":1,"29":5,"30":5,"31":5,"32":4,"33":1,"34":3,"35":1},"b":{"0":[1,3],"1":[1,2],"2":[1,1],"3":[1,3],"4":[1,2],"5":[1,1],"6":[1,3],"7":[1,2],"8":[1,1],"9":[1,4],"10":[1,3],"11":[1,2],"12":[1,4],"13":[1,3],"14":[1,2],"15":[1,1]},"_coverageSchema":"1a1c01bbd47fc00a2c39e90264f33305004495a9","hash":"1eacc9ef9080e53f251c2bd1b413433e1abfaea7"}
,"D:\\_FIAP\\Tech Challenge\\Fase 4\\service-category-product\\g2-3soat-sa-app-category-product\\src\\entities\\Category.js": {"path":"D:\\_FIAP\\Tech Challenge\\Fase 4\\service-category-product\\g2-3soat-sa-app-category-product\\src\\entities\\Category.js","statementMap":{"0":{"start":{"line":7,"column":2},"end":{"line":12,"column":4}},"1":{"start":{"line":8,"column":27},"end":{"line":8,"column":39}},"2":{"start":{"line":9,"column":26},"end":{"line":9,"column":37}},"3":{"start":{"line":10,"column":24},"end":{"line":10,"column":33}},"4":{"start":{"line":11,"column":24},"end":{"line":11,"column":33}}},"fnMap":{"0":{"name":"category","decl":{"start":{"line":1,"column":24},"end":{"line":1,"column":32}},"loc":{"start":{"line":6,"column":2},"end":{"line":13,"column":1}},"line":6},"1":{"name":"(anonymous_1)","decl":{"start":{"line":8,"column":21},"end":{"line":8,"column":22}},"loc":{"start":{"line":8,"column":27},"end":{"line":8,"column":39}},"line":8},"2":{"name":"(anonymous_2)","decl":{"start":{"line":9,"column":20},"end":{"line":9,"column":21}},"loc":{"start":{"line":9,"column":26},"end":{"line":9,"column":37}},"line":9},"3":{"name":"(anonymous_3)","decl":{"start":{"line":10,"column":18},"end":{"line":10,"column":19}},"loc":{"start":{"line":10,"column":24},"end":{"line":10,"column":33}},"line":10},"4":{"name":"(anonymous_4)","decl":{"start":{"line":11,"column":18},"end":{"line":11,"column":19}},"loc":{"start":{"line":11,"column":24},"end":{"line":11,"column":33}},"line":11}},"branchMap":{},"s":{"0":5,"1":2,"2":2,"3":2,"4":2},"f":{"0":5,"1":2,"2":2,"3":2,"4":2},"b":{},"_coverageSchema":"1a1c01bbd47fc00a2c39e90264f33305004495a9","hash":"fa6a237c17a5883471564a6bdc548fce5699038f"}
,"D:\\_FIAP\\Tech Challenge\\Fase 4\\service-category-product\\g2-3soat-sa-app-category-product\\src\\entities\\Product.js": {"path":"D:\\_FIAP\\Tech Challenge\\Fase 4\\service-category-product\\g2-3soat-sa-app-category-product\\src\\entities\\Product.js","statementMap":{"0":{"start":{"line":9,"column":2},"end":{"line":16,"column":4}},"1":{"start":{"line":10,"column":26},"end":{"line":10,"column":37}},"2":{"start":{"line":11,"column":23},"end":{"line":11,"column":31}},"3":{"start":{"line":12,"column":23},"end":{"line":12,"column":31}},"4":{"start":{"line":13,"column":20},"end":{"line":13,"column":25}},"5":{"start":{"line":14,"column":24},"end":{"line":14,"column":33}},"6":{"start":{"line":15,"column":24},"end":{"line":15,"column":33}}},"fnMap":{"0":{"name":"product","decl":{"start":{"line":1,"column":24},"end":{"line":1,"column":31}},"loc":{"start":{"line":8,"column":2},"end":{"line":17,"column":1}},"line":8},"1":{"name":"(anonymous_1)","decl":{"start":{"line":10,"column":20},"end":{"line":10,"column":21}},"loc":{"start":{"line":10,"column":26},"end":{"line":10,"column":37}},"line":10},"2":{"name":"(anonymous_2)","decl":{"start":{"line":11,"column":17},"end":{"line":11,"column":18}},"loc":{"start":{"line":11,"column":23},"end":{"line":11,"column":31}},"line":11},"3":{"name":"(anonymous_3)","decl":{"start":{"line":12,"column":17},"end":{"line":12,"column":18}},"loc":{"start":{"line":12,"column":23},"end":{"line":12,"column":31}},"line":12},"4":{"name":"(anonymous_4)","decl":{"start":{"line":13,"column":14},"end":{"line":13,"column":15}},"loc":{"start":{"line":13,"column":20},"end":{"line":13,"column":25}},"line":13},"5":{"name":"(anonymous_5)","decl":{"start":{"line":14,"column":18},"end":{"line":14,"column":19}},"loc":{"start":{"line":14,"column":24},"end":{"line":14,"column":33}},"line":14},"6":{"name":"(anonymous_6)","decl":{"start":{"line":15,"column":18},"end":{"line":15,"column":19}},"loc":{"start":{"line":15,"column":24},"end":{"line":15,"column":33}},"line":15}},"branchMap":{},"s":{"0":7,"1":2,"2":2,"3":2,"4":2,"5":2,"6":2},"f":{"0":7,"1":2,"2":2,"3":2,"4":2,"5":2,"6":2},"b":{},"_coverageSchema":"1a1c01bbd47fc00a2c39e90264f33305004495a9","hash":"4b3532dd5fcdd04374aadd7784460c015a5c5999"}
,"D:\\_FIAP\\Tech Challenge\\Fase 4\\service-category-product\\g2-3soat-sa-app-category-product\\src\\use_cases\\category\\add.js": {"path":"D:\\_FIAP\\Tech Challenge\\Fase 4\\service-category-product\\g2-3soat-sa-app-category-product\\src\\use_cases\\category\\add.js","statementMap":{"0":{"start":{"line":12,"column":2},"end":{"line":14,"column":3}},"1":{"start":{"line":13,"column":4},"end":{"line":13,"column":83}},"2":{"start":{"line":16,"column":2},"end":{"line":16,"column":90}}},"fnMap":{"0":{"name":"createCategory","decl":{"start":{"line":6,"column":24},"end":{"line":6,"column":38}},"loc":{"start":{"line":11,"column":1},"end":{"line":17,"column":1}},"line":11}},"branchMap":{"0":{"loc":{"start":{"line":12,"column":2},"end":{"line":14,"column":3}},"type":"if","locations":[{"start":{"line":12,"column":2},"end":{"line":14,"column":3}},{"start":{},"end":{}}],"line":12},"1":{"loc":{"start":{"line":12,"column":6},"end":{"line":12,"column":35}},"type":"binary-expr","locations":[{"start":{"line":12,"column":6},"end":{"line":12,"column":19}},{"start":{"line":12,"column":23},"end":{"line":12,"column":35}}],"line":12}},"s":{"0":3,"1":2,"2":1},"f":{"0":3},"b":{"0":[2,1],"1":[3,2]},"_coverageSchema":"1a1c01bbd47fc00a2c39e90264f33305004495a9","hash":"0df55410e83ea6b0318712a7c35ff7c75c942a67"}
,"D:\\_FIAP\\Tech Challenge\\Fase 4\\service-category-product\\g2-3soat-sa-app-category-product\\src\\use_cases\\category\\deleteById.js": {"path":"D:\\_FIAP\\Tech Challenge\\Fase 4\\service-category-product\\g2-3soat-sa-app-category-product\\src\\use_cases\\category\\deleteById.js","statementMap":{"0":{"start":{"line":4,"column":2},"end":{"line":4,"column":42}}},"fnMap":{"0":{"name":"deleteById","decl":{"start":{"line":3,"column":24},"end":{"line":3,"column":34}},"loc":{"start":{"line":3,"column":39},"end":{"line":5,"column":1}},"line":3}},"branchMap":{},"s":{"0":1},"f":{"0":1},"b":{},"_coverageSchema":"1a1c01bbd47fc00a2c39e90264f33305004495a9","hash":"2e47137bb05f40076327b2080e57107cc803450d"}
,"D:\\_FIAP\\Tech Challenge\\Fase 4\\service-category-product\\g2-3soat-sa-app-category-product\\src\\use_cases\\category\\findById.js": {"path":"D:\\_FIAP\\Tech Challenge\\Fase 4\\service-category-product\\g2-3soat-sa-app-category-product\\src\\use_cases\\category\\findById.js","statementMap":{"0":{"start":{"line":4,"column":2},"end":{"line":4,"column":40}}},"fnMap":{"0":{"name":"findById","decl":{"start":{"line":3,"column":24},"end":{"line":3,"column":32}},"loc":{"start":{"line":3,"column":37},"end":{"line":5,"column":1}},"line":3}},"branchMap":{},"s":{"0":1},"f":{"0":1},"b":{},"_coverageSchema":"1a1c01bbd47fc00a2c39e90264f33305004495a9","hash":"c1e28315bae01b6d13a34bc0142d927abbe86778"}
,"D:\\_FIAP\\Tech Challenge\\Fase 4\\service-category-product\\g2-3soat-sa-app-category-product\\src\\use_cases\\category\\getAll.js": {"path":"D:\\_FIAP\\Tech Challenge\\Fase 4\\service-category-product\\g2-3soat-sa-app-category-product\\src\\use_cases\\category\\getAll.js","statementMap":{"0":{"start":{"line":4,"column":2},"end":{"line":4,"column":37}}},"fnMap":{"0":{"name":"getAllCategories","decl":{"start":{"line":3,"column":24},"end":{"line":3,"column":40}},"loc":{"start":{"line":3,"column":43},"end":{"line":5,"column":1}},"line":3}},"branchMap":{},"s":{"0":2},"f":{"0":2},"b":{},"_coverageSchema":"1a1c01bbd47fc00a2c39e90264f33305004495a9","hash":"235eb1bc8b65d838b1c9083f282e5081800bbf0c"}
,"D:\\_FIAP\\Tech Challenge\\Fase 4\\service-category-product\\g2-3soat-sa-app-category-product\\src\\use_cases\\category\\updateById.js": {"path":"D:\\_FIAP\\Tech Challenge\\Fase 4\\service-category-product\\g2-3soat-sa-app-category-product\\src\\use_cases\\category\\updateById.js","statementMap":{"0":{"start":{"line":14,"column":2},"end":{"line":16,"column":3}},"1":{"start":{"line":15,"column":4},"end":{"line":15,"column":81}},"2":{"start":{"line":17,"column":26},"end":{"line":21,"column":3}},"3":{"start":{"line":23,"column":2},"end":{"line":23,"column":59}}},"fnMap":{"0":{"name":"updateCategoryById","decl":{"start":{"line":6,"column":24},"end":{"line":6,"column":42}},"loc":{"start":{"line":11,"column":2},"end":{"line":25,"column":1}},"line":11}},"branchMap":{"0":{"loc":{"start":{"line":14,"column":2},"end":{"line":16,"column":3}},"type":"if","locations":[{"start":{"line":14,"column":2},"end":{"line":16,"column":3}},{"start":{},"end":{}}],"line":14},"1":{"loc":{"start":{"line":14,"column":6},"end":{"line":14,"column":35}},"type":"binary-expr","locations":[{"start":{"line":14,"column":6},"end":{"line":14,"column":19}},{"start":{"line":14,"column":23},"end":{"line":14,"column":35}}],"line":14}},"s":{"0":3,"1":2,"2":1,"3":1},"f":{"0":3},"b":{"0":[2,1],"1":[3,2]},"_coverageSchema":"1a1c01bbd47fc00a2c39e90264f33305004495a9","hash":"b15e7c570be24871c5e593c8de9dc8e58a6f638d"}
,"D:\\_FIAP\\Tech Challenge\\Fase 4\\service-category-product\\g2-3soat-sa-app-category-product\\src\\use_cases\\product\\add.js": {"path":"D:\\_FIAP\\Tech Challenge\\Fase 4\\service-category-product\\g2-3soat-sa-app-category-product\\src\\use_cases\\product\\add.js","statementMap":{"0":{"start":{"line":12,"column":2},"end":{"line":14,"column":3}},"1":{"start":{"line":13,"column":4},"end":{"line":13,"column":96}},"2":{"start":{"line":16,"column":2},"end":{"line":16,"column":101}}},"fnMap":{"0":{"name":"createProduct","decl":{"start":{"line":4,"column":24},"end":{"line":4,"column":37}},"loc":{"start":{"line":11,"column":1},"end":{"line":18,"column":1}},"line":11}},"branchMap":{"0":{"loc":{"start":{"line":12,"column":2},"end":{"line":14,"column":3}},"type":"if","locations":[{"start":{"line":12,"column":2},"end":{"line":14,"column":3}},{"start":{},"end":{}}],"line":12},"1":{"loc":{"start":{"line":12,"column":6},"end":{"line":12,"column":54}},"type":"binary-expr","locations":[{"start":{"line":12,"column":6},"end":{"line":12,"column":18}},{"start":{"line":12,"column":22},"end":{"line":12,"column":31}},{"start":{"line":12,"column":35},"end":{"line":12,"column":44}},{"start":{"line":12,"column":48},"end":{"line":12,"column":54}}],"line":12}},"s":{"0":3,"1":2,"2":1},"f":{"0":3},"b":{"0":[2,1],"1":[3,2,1,1]},"_coverageSchema":"1a1c01bbd47fc00a2c39e90264f33305004495a9","hash":"e213e9061ada2395d7476734b63a64cf62641268"}
,"D:\\_FIAP\\Tech Challenge\\Fase 4\\service-category-product\\g2-3soat-sa-app-category-product\\src\\use_cases\\product\\deleteById.js": {"path":"D:\\_FIAP\\Tech Challenge\\Fase 4\\service-category-product\\g2-3soat-sa-app-category-product\\src\\use_cases\\product\\deleteById.js","statementMap":{"0":{"start":{"line":4,"column":2},"end":{"line":4,"column":41}}},"fnMap":{"0":{"name":"deleteById","decl":{"start":{"line":3,"column":24},"end":{"line":3,"column":34}},"loc":{"start":{"line":3,"column":39},"end":{"line":5,"column":1}},"line":3}},"branchMap":{},"s":{"0":1},"f":{"0":1},"b":{},"_coverageSchema":"1a1c01bbd47fc00a2c39e90264f33305004495a9","hash":"46d9386bd533789087dc775cc615cec69af46fe9"}
,"D:\\_FIAP\\Tech Challenge\\Fase 4\\service-category-product\\g2-3soat-sa-app-category-product\\src\\use_cases\\product\\findById.js": {"path":"D:\\_FIAP\\Tech Challenge\\Fase 4\\service-category-product\\g2-3soat-sa-app-category-product\\src\\use_cases\\product\\findById.js","statementMap":{"0":{"start":{"line":4,"column":2},"end":{"line":4,"column":39}}},"fnMap":{"0":{"name":"findById","decl":{"start":{"line":3,"column":24},"end":{"line":3,"column":32}},"loc":{"start":{"line":3,"column":37},"end":{"line":5,"column":1}},"line":3}},"branchMap":{},"s":{"0":1},"f":{"0":1},"b":{},"_coverageSchema":"1a1c01bbd47fc00a2c39e90264f33305004495a9","hash":"24a947d0823591ca15c08655bd2b97a80fe2d8e7"}
,"D:\\_FIAP\\Tech Challenge\\Fase 4\\service-category-product\\g2-3soat-sa-app-category-product\\src\\use_cases\\product\\getAll.js": {"path":"D:\\_FIAP\\Tech Challenge\\Fase 4\\service-category-product\\g2-3soat-sa-app-category-product\\src\\use_cases\\product\\getAll.js","statementMap":{"0":{"start":{"line":4,"column":2},"end":{"line":4,"column":36}}},"fnMap":{"0":{"name":"getAllProducts","decl":{"start":{"line":3,"column":24},"end":{"line":3,"column":38}},"loc":{"start":{"line":3,"column":41},"end":{"line":5,"column":1}},"line":3}},"branchMap":{},"s":{"0":1},"f":{"0":1},"b":{},"_coverageSchema":"1a1c01bbd47fc00a2c39e90264f33305004495a9","hash":"94400af5cd1dc3d0c8a22a48e75373062f2c1365"}
,"D:\\_FIAP\\Tech Challenge\\Fase 4\\service-category-product\\g2-3soat-sa-app-category-product\\src\\use_cases\\product\\updateById.js": {"path":"D:\\_FIAP\\Tech Challenge\\Fase 4\\service-category-product\\g2-3soat-sa-app-category-product\\src\\use_cases\\product\\updateById.js","statementMap":{"0":{"start":{"line":14,"column":2},"end":{"line":17,"column":3}},"1":{"start":{"line":16,"column":4},"end":{"line":16,"column":94}},"2":{"start":{"line":18,"column":25},"end":{"line":24,"column":3}},"3":{"start":{"line":26,"column":2},"end":{"line":26,"column":57}}},"fnMap":{"0":{"name":"updateById","decl":{"start":{"line":4,"column":24},"end":{"line":4,"column":34}},"loc":{"start":{"line":11,"column":2},"end":{"line":27,"column":1}},"line":11}},"branchMap":{"0":{"loc":{"start":{"line":14,"column":2},"end":{"line":17,"column":3}},"type":"if","locations":[{"start":{"line":14,"column":2},"end":{"line":17,"column":3}},{"start":{},"end":{}}],"line":14},"1":{"loc":{"start":{"line":14,"column":6},"end":{"line":14,"column":54}},"type":"binary-expr","locations":[{"start":{"line":14,"column":6},"end":{"line":14,"column":18}},{"start":{"line":14,"column":22},"end":{"line":14,"column":31}},{"start":{"line":14,"column":35},"end":{"line":14,"column":44}},{"start":{"line":14,"column":48},"end":{"line":14,"column":54}}],"line":14}},"s":{"0":3,"1":2,"2":1,"3":1},"f":{"0":3},"b":{"0":[2,1],"1":[3,2,1,1]},"_coverageSchema":"1a1c01bbd47fc00a2c39e90264f33305004495a9","hash":"62c77ea9e6524d330374b04457435ccd58f32558"}
,"D:\\_FIAP\\Tech Challenge\\Fase 4\\service-category-product\\g2-3soat-sa-app-category-product\\src\\web\\categoryRoutes.js": {"path":"D:\\_FIAP\\Tech Challenge\\Fase 4\\service-category-product\\g2-3soat-sa-app-category-product\\src\\web\\categoryRoutes.js","statementMap":{"0":{"start":{"line":4,"column":17},"end":{"line":4,"column":33}},"1":{"start":{"line":5,"column":21},"end":{"line":5,"column":41}},"2":{"start":{"line":8,"column":2},"end":{"line":11,"column":4}},"3":{"start":{"line":12,"column":2},"end":{"line":15,"column":4}},"4":{"start":{"line":19,"column":2},"end":{"line":29,"column":4}},"5":{"start":{"line":32,"column":2},"end":{"line":42,"column":4}},"6":{"start":{"line":45,"column":2},"end":{"line":48,"column":4}},"7":{"start":{"line":50,"column":2},"end":{"line":50,"column":16}}},"fnMap":{"0":{"name":"categoryRoutes","decl":{"start":{"line":3,"column":24},"end":{"line":3,"column":38}},"loc":{"start":{"line":3,"column":48},"end":{"line":51,"column":1}},"line":3}},"branchMap":{},"s":{"0":2,"1":2,"2":2,"3":2,"4":2,"5":2,"6":2,"7":2},"f":{"0":2},"b":{},"_coverageSchema":"1a1c01bbd47fc00a2c39e90264f33305004495a9","hash":"7ea456d06a81d9ced4cda3fc5e4c36725b269a0a"}
,"D:\\_FIAP\\Tech Challenge\\Fase 4\\service-category-product\\g2-3soat-sa-app-category-product\\src\\web\\index.js": {"path":"D:\\_FIAP\\Tech Challenge\\Fase 4\\service-category-product\\g2-3soat-sa-app-category-product\\src\\web\\index.js","statementMap":{"0":{"start":{"line":9,"column":2},"end":{"line":9,"column":29}},"1":{"start":{"line":10,"column":2},"end":{"line":10,"column":48}},"2":{"start":{"line":11,"column":2},"end":{"line":11,"column":46}},"3":{"start":{"line":19,"column":2},"end":{"line":19,"column":66}}},"fnMap":{"0":{"name":"routes","decl":{"start":{"line":8,"column":24},"end":{"line":8,"column":30}},"loc":{"start":{"line":8,"column":44},"end":{"line":20,"column":1}},"line":8}},"branchMap":{},"s":{"0":2,"1":2,"2":2,"3":2},"f":{"0":2},"b":{},"_coverageSchema":"1a1c01bbd47fc00a2c39e90264f33305004495a9","hash":"2f41263bb320f87adf4837eb0276c76af7f6d816"}
,"D:\\_FIAP\\Tech Challenge\\Fase 4\\service-category-product\\g2-3soat-sa-app-category-product\\src\\web\\productRoutes.js": {"path":"D:\\_FIAP\\Tech Challenge\\Fase 4\\service-category-product\\g2-3soat-sa-app-category-product\\src\\web\\productRoutes.js","statementMap":{"0":{"start":{"line":6,"column":17},"end":{"line":6,"column":33}},"1":{"start":{"line":7,"column":21},"end":{"line":7,"column":40}},"2":{"start":{"line":10,"column":2},"end":{"line":13,"column":4}},"3":{"start":{"line":15,"column":2},"end":{"line":18,"column":4}},"4":{"start":{"line":21,"column":2},"end":{"line":32,"column":4}},"5":{"start":{"line":35,"column":2},"end":{"line":45,"column":4}},"6":{"start":{"line":48,"column":2},"end":{"line":51,"column":4}},"7":{"start":{"line":53,"column":2},"end":{"line":53,"column":16}}},"fnMap":{"0":{"name":"productRoutes","decl":{"start":{"line":5,"column":24},"end":{"line":5,"column":37}},"loc":{"start":{"line":5,"column":47},"end":{"line":54,"column":1}},"line":5}},"branchMap":{},"s":{"0":3,"1":3,"2":3,"3":2,"4":2,"5":2,"6":2,"7":2},"f":{"0":3},"b":{},"_coverageSchema":"1a1c01bbd47fc00a2c39e90264f33305004495a9","hash":"4d19051683dd2e8a632e59db14242a1369a672d8"}
}
