TN:
SF:src\app.js
FNF:0
FNH:0
DA:4,1
DA:5,1
DA:7,1
LF:3
LH:3
BRF:0
BRH:0
end_of_record
TN:
SF:src\application\categoryGateway.js
FN:3,categoryGateway
FN:5,(anonymous_1)
FN:6,(anonymous_2)
FN:7,(anonymous_3)
FN:8,(anonymous_4)
FN:9,(anonymous_5)
FNF:6
FNH:6
FNDA:6,categoryGateway
FNDA:1,(anonymous_1)
FNDA:1,(anonymous_2)
FNDA:2,(anonymous_3)
FNDA:1,(anonymous_4)
FNDA:1,(anonymous_5)
DA:5,6
DA:6,6
DA:7,6
DA:8,6
DA:9,6
DA:11,6
LF:6
LH:6
BRF:0
BRH:0
end_of_record
TN:
SF:src\application\productGateway.js
FN:3,productGateway
FN:5,(anonymous_1)
FN:6,(anonymous_2)
FN:7,(anonymous_3)
FN:8,(anonymous_4)
FN:9,(anonymous_5)
FNF:6
FNH:6
FNDA:5,productGateway
FNDA:1,(anonymous_1)
FNDA:1,(anonymous_2)
FNDA:1,(anonymous_3)
FNDA:1,(anonymous_4)
FNDA:1,(anonymous_5)
DA:5,5
DA:6,5
DA:7,5
DA:8,5
DA:9,5
DA:11,5
LF:6
LH:6
BRF:0
BRH:0
end_of_record
TN:
SF:src\config\dbConnectMysql.js
FNF:0
FNH:0
DA:22,14
DA:28,14
LF:2
LH:2
BRF:0
BRH:0
end_of_record
TN:
SF:src\controllers\categoryController.js
FN:7,categoryController
FN:9,(anonymous_1)
FN:18,(anonymous_2)
FN:29,(anonymous_3)
FN:32,(anonymous_4)
FN:47,(anonymous_5)
FN:50,(anonymous_6)
FN:63,(anonymous_7)
FN:68,(anonymous_8)
FN:88,(anonymous_9)
FN:101,(anonymous_10)
FNF:11
FNH:11
FNDA:16,categoryController
FNDA:3,(anonymous_1)
FNDA:1,(anonymous_2)
FNDA:3,(anonymous_3)
FNDA:2,(anonymous_4)
FNDA:4,(anonymous_5)
FNDA:2,(anonymous_6)
FNDA:3,(anonymous_7)
FNDA:2,(anonymous_8)
FNDA:3,(anonymous_9)
FNDA:2,(anonymous_10)
DA:9,16
DA:10,3
DA:11,3
DA:13,3
DA:19,1
DA:23,2
DA:24,2
DA:29,16
DA:30,3
DA:31,3
DA:34,2
DA:35,1
DA:37,1
DA:41,1
DA:42,1
DA:47,16
DA:48,4
DA:49,4
DA:51,2
DA:52,1
DA:54,2
DA:56,2
DA:57,2
DA:63,16
DA:64,3
DA:65,3
DA:69,2
DA:70,2
DA:71,1
DA:73,1
DA:83,1
DA:84,1
DA:88,16
DA:89,3
DA:90,3
DA:92,3
DA:102,2
DA:103,2
DA:104,1
DA:106,1
DA:109,1
DA:110,1
DA:121,16
LF:43
LH:43
BRDA:34,0,0,1
BRDA:34,0,1,1
BRDA:34,1,0,2
BRDA:34,1,1,1
BRDA:51,2,0,1
BRDA:51,2,1,1
BRDA:70,3,0,1
BRDA:70,3,1,1
BRDA:103,4,0,1
BRDA:103,4,1,1
BRF:10
BRH:10
end_of_record
TN:
SF:src\controllers\productController.js
FN:7,productController
FN:9,(anonymous_1)
FN:20,(anonymous_2)
FN:36,(anonymous_3)
FN:38,(anonymous_4)
FN:52,(anonymous_5)
FN:55,(anonymous_6)
FN:66,(anonymous_7)
FN:69,(anonymous_8)
FN:91,(anonymous_9)
FN:104,(anonymous_10)
FNF:11
FNH:11
FNDA:17,productController
FNDA:3,(anonymous_1)
FNDA:1,(anonymous_2)
FNDA:3,(anonymous_3)
FNDA:2,(anonymous_4)
FNDA:3,(anonymous_5)
FNDA:2,(anonymous_6)
FNDA:3,(anonymous_7)
FNDA:2,(anonymous_8)
FNDA:3,(anonymous_9)
FNDA:2,(anonymous_10)
DA:9,17
DA:10,3
DA:11,3
DA:13,3
DA:21,1
DA:25,2
DA:26,2
DA:36,17
DA:37,3
DA:38,3
DA:40,2
DA:41,1
DA:43,1
DA:47,1
DA:48,1
DA:52,17
DA:53,3
DA:54,3
DA:56,2
DA:57,1
DA:59,2
DA:61,1
DA:62,1
DA:66,17
DA:67,3
DA:68,3
DA:70,2
DA:71,2
DA:72,1
DA:74,1
DA:84,1
DA:85,1
DA:91,17
DA:92,3
DA:93,3
DA:96,3
DA:105,2
DA:106,2
DA:107,1
DA:109,1
DA:112,1
DA:113,1
DA:118,17
LF:43
LH:43
BRDA:40,0,0,1
BRDA:40,0,1,1
BRDA:40,1,0,2
BRDA:40,1,1,1
BRDA:56,2,0,1
BRDA:56,2,1,1
BRDA:71,3,0,1
BRDA:71,3,1,1
BRDA:106,4,0,1
BRDA:106,4,1,1
BRF:10
BRH:10
end_of_record
TN:
SF:src\db\database\mySql\repositories\categoryRepositoryMySqlDB.js
FN:3,categoryRepositoryMySqlDB
FN:6,(anonymous_1)
FN:7,(anonymous_2)
FN:9,(anonymous_3)
FN:15,(anonymous_4)
FN:18,(anonymous_5)
FN:22,(anonymous_6)
FN:25,(anonymous_7)
FN:40,(anonymous_8)
FN:41,(anonymous_9)
FN:44,(anonymous_10)
FN:50,(anonymous_11)
FN:53,(anonymous_12)
FN:57,(anonymous_13)
FN:60,(anonymous_14)
FN:72,(anonymous_15)
FN:73,(anonymous_16)
FN:75,(anonymous_17)
FN:81,(anonymous_18)
FN:84,(anonymous_19)
FN:88,(anonymous_20)
FN:91,(anonymous_21)
FN:104,(anonymous_22)
FN:105,(anonymous_23)
FN:107,(anonymous_24)
FN:113,(anonymous_25)
FN:116,(anonymous_26)
FN:120,(anonymous_27)
FN:123,(anonymous_28)
FN:162,(anonymous_29)
FN:163,(anonymous_30)
FN:165,(anonymous_31)
FN:171,(anonymous_32)
FN:174,(anonymous_33)
FN:178,(anonymous_34)
FN:181,(anonymous_35)
FNF:36
FNH:36
FNDA:23,categoryRepositoryMySqlDB
FNDA:4,(anonymous_1)
FNDA:4,(anonymous_2)
FNDA:4,(anonymous_3)
FNDA:3,(anonymous_4)
FNDA:1,(anonymous_5)
FNDA:2,(anonymous_6)
FNDA:1,(anonymous_7)
FNDA:5,(anonymous_8)
FNDA:5,(anonymous_9)
FNDA:5,(anonymous_10)
FNDA:3,(anonymous_11)
FNDA:1,(anonymous_12)
FNDA:2,(anonymous_13)
FNDA:1,(anonymous_14)
FNDA:4,(anonymous_15)
FNDA:4,(anonymous_16)
FNDA:4,(anonymous_17)
FNDA:3,(anonymous_18)
FNDA:1,(anonymous_19)
FNDA:2,(anonymous_20)
FNDA:1,(anonymous_21)
FNDA:5,(anonymous_22)
FNDA:5,(anonymous_23)
FNDA:5,(anonymous_24)
FNDA:4,(anonymous_25)
FNDA:1,(anonymous_26)
FNDA:3,(anonymous_27)
FNDA:1,(anonymous_28)
FNDA:5,(anonymous_29)
FNDA:5,(anonymous_30)
FNDA:5,(anonymous_31)
FNDA:4,(anonymous_32)
FNDA:1,(anonymous_33)
FNDA:3,(anonymous_34)
FNDA:1,(anonymous_35)
DA:6,23
DA:7,4
DA:9,4
DA:10,4
DA:11,1
DA:14,3
DA:15,3
DA:16,3
DA:18,1
DA:22,2
DA:23,2
DA:25,1
DA:29,1
DA:30,1
DA:31,1
DA:32,1
DA:40,23
DA:41,5
DA:44,5
DA:45,5
DA:46,2
DA:49,3
DA:50,3
DA:51,3
DA:53,1
DA:57,2
DA:58,2
DA:60,1
DA:64,1
DA:72,23
DA:73,4
DA:75,4
DA:76,4
DA:77,1
DA:80,3
DA:81,3
DA:82,3
DA:84,1
DA:88,2
DA:89,2
DA:91,1
DA:95,1
DA:104,23
DA:105,5
DA:107,5
DA:108,5
DA:109,1
DA:112,4
DA:113,4
DA:114,4
DA:116,1
DA:120,3
DA:121,3
DA:123,1
DA:125,2
DA:127,2
DA:128,1
DA:129,1
DA:132,1
DA:162,23
DA:163,5
DA:165,5
DA:166,5
DA:167,1
DA:170,4
DA:171,4
DA:172,4
DA:174,1
DA:178,3
DA:179,3
DA:181,1
DA:184,2
DA:185,2
DA:186,2
DA:187,2
DA:189,2
DA:190,1
DA:191,1
DA:194,1
DA:202,23
LF:80
LH:80
BRDA:10,0,0,1
BRDA:10,0,1,3
BRDA:16,1,0,1
BRDA:16,1,1,2
BRDA:23,2,0,1
BRDA:23,2,1,1
BRDA:45,3,0,2
BRDA:45,3,1,3
BRDA:51,4,0,1
BRDA:51,4,1,2
BRDA:58,5,0,1
BRDA:58,5,1,1
BRDA:76,6,0,1
BRDA:76,6,1,3
BRDA:82,7,0,1
BRDA:82,7,1,2
BRDA:89,8,0,1
BRDA:89,8,1,1
BRDA:108,9,0,1
BRDA:108,9,1,4
BRDA:114,10,0,1
BRDA:114,10,1,3
BRDA:121,11,0,1
BRDA:121,11,1,2
BRDA:127,12,0,1
BRDA:127,12,1,1
BRDA:166,13,0,1
BRDA:166,13,1,4
BRDA:172,14,0,1
BRDA:172,14,1,3
BRDA:179,15,0,1
BRDA:179,15,1,2
BRDA:189,16,0,1
BRDA:189,16,1,1
BRF:34
BRH:34
end_of_record
TN:
SF:src\db\database\mySql\repositories\productRepositoryMySqlDB.js
FN:3,productRepositoryMySqlDB
FN:5,(anonymous_1)
FN:6,(anonymous_2)
FN:8,(anonymous_3)
FN:14,(anonymous_4)
FN:17,(anonymous_5)
FN:21,(anonymous_6)
FN:24,(anonymous_7)
FN:41,(anonymous_8)
FN:42,(anonymous_9)
FN:45,(anonymous_10)
FN:51,(anonymous_11)
FN:54,(anonymous_12)
FN:58,(anonymous_13)
FN:61,(anonymous_14)
FN:73,(anonymous_15)
FN:74,(anonymous_16)
FN:76,(anonymous_17)
FN:82,(anonymous_18)
FN:85,(anonymous_19)
FN:89,(anonymous_20)
FN:92,(anonymous_21)
FN:105,(anonymous_22)
FN:106,(anonymous_23)
FN:108,(anonymous_24)
FN:114,(anonymous_25)
FN:117,(anonymous_26)
FN:121,(anonymous_27)
FN:124,(anonymous_28)
FN:134,(anonymous_29)
FN:135,(anonymous_30)
FN:137,(anonymous_31)
FN:143,(anonymous_32)
FN:146,(anonymous_33)
FN:150,(anonymous_34)
FN:153,(anonymous_35)
FNF:36
FNH:36
FNDA:22,productRepositoryMySqlDB
FNDA:4,(anonymous_1)
FNDA:4,(anonymous_2)
FNDA:4,(anonymous_3)
FNDA:3,(anonymous_4)
FNDA:1,(anonymous_5)
FNDA:2,(anonymous_6)
FNDA:1,(anonymous_7)
FNDA:4,(anonymous_8)
FNDA:4,(anonymous_9)
FNDA:4,(anonymous_10)
FNDA:3,(anonymous_11)
FNDA:1,(anonymous_12)
FNDA:2,(anonymous_13)
FNDA:1,(anonymous_14)
FNDA:4,(anonymous_15)
FNDA:4,(anonymous_16)
FNDA:4,(anonymous_17)
FNDA:3,(anonymous_18)
FNDA:1,(anonymous_19)
FNDA:2,(anonymous_20)
FNDA:1,(anonymous_21)
FNDA:5,(anonymous_22)
FNDA:5,(anonymous_23)
FNDA:5,(anonymous_24)
FNDA:4,(anonymous_25)
FNDA:1,(anonymous_26)
FNDA:3,(anonymous_27)
FNDA:1,(anonymous_28)
FNDA:5,(anonymous_29)
FNDA:5,(anonymous_30)
FNDA:5,(anonymous_31)
FNDA:4,(anonymous_32)
FNDA:1,(anonymous_33)
FNDA:3,(anonymous_34)
FNDA:1,(anonymous_35)
DA:5,22
DA:6,4
DA:8,4
DA:9,4
DA:10,1
DA:13,3
DA:14,3
DA:15,3
DA:17,1
DA:21,2
DA:22,2
DA:24,1
DA:28,1
DA:29,1
DA:30,1
DA:31,1
DA:32,1
DA:33,1
DA:41,22
DA:42,4
DA:45,4
DA:46,4
DA:47,1
DA:50,3
DA:51,3
DA:52,3
DA:54,1
DA:58,2
DA:59,2
DA:61,1
DA:65,1
DA:73,22
DA:74,4
DA:76,4
DA:77,4
DA:78,1
DA:81,3
DA:82,3
DA:83,3
DA:85,1
DA:89,2
DA:90,2
DA:92,1
DA:97,1
DA:105,22
DA:106,5
DA:108,5
DA:109,5
DA:110,1
DA:113,4
DA:114,4
DA:115,4
DA:117,1
DA:121,3
DA:122,3
DA:124,1
DA:127,2
DA:134,22
DA:135,5
DA:137,5
DA:138,5
DA:139,1
DA:142,4
DA:143,4
DA:144,4
DA:146,1
DA:150,3
DA:151,3
DA:153,1
DA:156,2
DA:157,2
DA:158,2
DA:159,2
DA:160,2
DA:161,2
DA:163,2
DA:164,1
DA:165,1
DA:168,1
DA:175,22
LF:80
LH:80
BRDA:9,0,0,1
BRDA:9,0,1,3
BRDA:15,1,0,1
BRDA:15,1,1,2
BRDA:22,2,0,1
BRDA:22,2,1,1
BRDA:46,3,0,1
BRDA:46,3,1,3
BRDA:52,4,0,1
BRDA:52,4,1,2
BRDA:59,5,0,1
BRDA:59,5,1,1
BRDA:77,6,0,1
BRDA:77,6,1,3
BRDA:83,7,0,1
BRDA:83,7,1,2
BRDA:90,8,0,1
BRDA:90,8,1,1
BRDA:109,9,0,1
BRDA:109,9,1,4
BRDA:115,10,0,1
BRDA:115,10,1,3
BRDA:122,11,0,1
BRDA:122,11,1,2
BRDA:138,12,0,1
BRDA:138,12,1,4
BRDA:144,13,0,1
BRDA:144,13,1,3
BRDA:151,14,0,1
BRDA:151,14,1,2
BRDA:163,15,0,1
BRDA:163,15,1,1
BRF:32
BRH:32
end_of_record
TN:
SF:src\entities\Category.js
FN:1,category
FN:8,(anonymous_1)
FN:9,(anonymous_2)
FN:10,(anonymous_3)
FN:11,(anonymous_4)
FNF:5
FNH:5
FNDA:5,category
FNDA:2,(anonymous_1)
FNDA:2,(anonymous_2)
FNDA:2,(anonymous_3)
FNDA:2,(anonymous_4)
DA:7,5
DA:8,2
DA:9,2
DA:10,2
DA:11,2
LF:5
LH:5
BRF:0
BRH:0
end_of_record
TN:
SF:src\entities\Product.js
FN:1,product
FN:10,(anonymous_1)
FN:11,(anonymous_2)
FN:12,(anonymous_3)
FN:13,(anonymous_4)
FN:14,(anonymous_5)
FN:15,(anonymous_6)
FNF:7
FNH:7
FNDA:7,product
FNDA:2,(anonymous_1)
FNDA:2,(anonymous_2)
FNDA:2,(anonymous_3)
FNDA:2,(anonymous_4)
FNDA:2,(anonymous_5)
FNDA:2,(anonymous_6)
DA:9,7
DA:10,2
DA:11,2
DA:12,2
DA:13,2
DA:14,2
DA:15,2
LF:7
LH:7
BRF:0
BRH:0
end_of_record
TN:
SF:src\use_cases\category\add.js
FN:6,createCategory
FNF:1
FNH:1
FNDA:3,createCategory
DA:12,3
DA:13,2
DA:16,1
LF:3
LH:3
BRDA:12,0,0,2
BRDA:12,0,1,1
BRDA:12,1,0,3
BRDA:12,1,1,2
BRF:4
BRH:4
end_of_record
TN:
SF:src\use_cases\category\deleteById.js
FN:3,deleteById
FNF:1
FNH:1
FNDA:1,deleteById
DA:4,1
LF:1
LH:1
BRF:0
BRH:0
end_of_record
TN:
SF:src\use_cases\category\findById.js
FN:3,findById
FNF:1
FNH:1
FNDA:1,findById
DA:4,1
LF:1
LH:1
BRF:0
BRH:0
end_of_record
TN:
SF:src\use_cases\category\getAll.js
FN:3,getAllCategories
FNF:1
FNH:1
FNDA:2,getAllCategories
DA:4,2
LF:1
LH:1
BRF:0
BRH:0
end_of_record
TN:
SF:src\use_cases\category\updateById.js
FN:6,updateCategoryById
FNF:1
FNH:1
FNDA:3,updateCategoryById
DA:14,3
DA:15,2
DA:17,1
DA:23,1
LF:4
LH:4
BRDA:14,0,0,2
BRDA:14,0,1,1
BRDA:14,1,0,3
BRDA:14,1,1,2
BRF:4
BRH:4
end_of_record
TN:
SF:src\use_cases\product\add.js
FN:4,createProduct
FNF:1
FNH:1
FNDA:3,createProduct
DA:12,3
DA:13,2
DA:16,1
LF:3
LH:3
BRDA:12,0,0,2
BRDA:12,0,1,1
BRDA:12,1,0,3
BRDA:12,1,1,2
BRDA:12,1,2,1
BRDA:12,1,3,1
BRF:6
BRH:6
end_of_record
TN:
SF:src\use_cases\product\deleteById.js
FN:3,deleteById
FNF:1
FNH:1
FNDA:1,deleteById
DA:4,1
LF:1
LH:1
BRF:0
BRH:0
end_of_record
TN:
SF:src\use_cases\product\findById.js
FN:3,findById
FNF:1
FNH:1
FNDA:1,findById
DA:4,1
LF:1
LH:1
BRF:0
BRH:0
end_of_record
TN:
SF:src\use_cases\product\getAll.js
FN:3,getAllProducts
FNF:1
FNH:1
FNDA:1,getAllProducts
DA:4,1
LF:1
LH:1
BRF:0
BRH:0
end_of_record
TN:
SF:src\use_cases\product\updateById.js
FN:4,updateById
FNF:1
FNH:1
FNDA:3,updateById
DA:14,3
DA:16,2
DA:18,1
DA:26,1
LF:4
LH:4
BRDA:14,0,0,2
BRDA:14,0,1,1
BRDA:14,1,0,3
BRDA:14,1,1,2
BRDA:14,1,2,1
BRDA:14,1,3,1
BRF:6
BRH:6
end_of_record
TN:
SF:src\web\categoryRoutes.js
FN:3,categoryRoutes
FNF:1
FNH:1
FNDA:2,categoryRoutes
DA:4,2
DA:5,2
DA:8,2
DA:12,2
DA:19,2
DA:32,2
DA:45,2
DA:50,2
LF:8
LH:8
BRF:0
BRH:0
end_of_record
TN:
SF:src\web\index.js
FN:8,routes
FNF:1
FNH:1
FNDA:2,routes
DA:9,2
DA:10,2
DA:11,2
DA:19,2
LF:4
LH:4
BRF:0
BRH:0
end_of_record
TN:
SF:src\web\productRoutes.js
FN:5,productRoutes
FNF:1
FNH:1
FNDA:3,productRoutes
DA:6,3
DA:7,3
DA:10,3
DA:15,2
DA:21,2
DA:35,2
DA:48,2
DA:53,2
LF:8
LH:8
BRF:0
BRH:0
end_of_record
